[0.018s] Invoking command in '/home/hiroselab/HDT-ros1-bridge/custom_msgs/custom_msgs_ros2/build/autoware_msgs': CMAKE_PREFIX_PATH=${CMAKE_PREFIX_PATH}:/home/hiroselab/study_ws/install/pointcloud_package:/opt/ros/humble:/home/hiroselab/ros2_humble/install/rqt_bag_plugins:/home/hiroselab/ros2_humble/install/rqt_bag:/home/hiroselab/ros2_humble/install/ros2bag:/home/hiroselab/ros2_humble/install/tracetools_test:/home/hiroselab/ros2_humble/install/tracetools_launch:/home/hiroselab/ros2_humble/install/topic_monitor:/home/hiroselab/ros2_humble/install/tf2_tools:/home/hiroselab/ros2_humble/install/examples_tf2_py:/home/hiroselab/ros2_humble/install/tf2_ros_py:/home/hiroselab/ros2_humble/install/sros2:/home/hiroselab/ros2_humble/install/rqt_topic:/home/hiroselab/ros2_humble/install/rqt_srv:/home/hiroselab/ros2_humble/install/rqt_shell:/home/hiroselab/ros2_humble/install/rqt_service_caller:/home/hiroselab/ros2_humble/install/rqt_reconfigure:/home/hiroselab/ros2_humble/install/rqt_py_console:/home/hiroselab/ros2_humble/install/rqt_publisher:/home/hiroselab/ros2_humble/install/rqt_plot:/home/hiroselab/ros2_humble/install/rqt_action:/home/hiroselab/ros2_humble/install/rqt_msg:/home/hiroselab/ros2_humble/install/rqt_console:/home/hiroselab/ros2_humble/install/rqt:/home/hiroselab/ros2_humble/install/rqt_graph:/home/hiroselab/ros2_humble/install/rqt_gui_py:/home/hiroselab/ros2_humble/install/rqt_gui:/home/hiroselab/ros2_humble/install/ros2trace:/home/hiroselab/ros2_humble/install/ros2topic:/home/hiroselab/ros2_humble/install/ros2test:/home/hiroselab/ros2_humble/install/ros2component:/home/hiroselab/ros2_humble/install/ros2param:/home/hiroselab/ros2_humble/install/ros2lifecycle:/home/hiroselab/ros2_humble/install/ros2service:/home/hiroselab/ros2_humble/install/ros2run:/home/hiroselab/ros2_humble/install/ros2launch:/home/hiroselab/ros2_humble/install/ros2pkg:/home/hiroselab/ros2_humble/install/ros2node:/home/hiroselab/ros2_humble/install/ros2multicast:/home/hiroselab/ros2_humble/install/ros2interface:/home/hiroselab/ros2_humble/install/ros2doctor:/home/hiroselab/ros2_humble/install/ros2action:/home/hiroselab/ros2_humble/install/ros2cli:/home/hiroselab/ros2_humble/install/quality_of_service_demo_py:/home/hiroselab/ros2_humble/install/lifecycle_py:/home/hiroselab/ros2_humble/install/launch_testing_ros:/home/hiroselab/ros2_humble/install/launch_ros:/home/hiroselab/ros2_humble/install/examples_rclpy_pointcloud_publisher:/home/hiroselab/ros2_humble/install/examples_rclpy_minimal_subscriber:/home/hiroselab/ros2_humble/install/examples_rclpy_minimal_service:/home/hiroselab/ros2_humble/install/examples_rclpy_minimal_publisher:/home/hiroselab/ros2_humble/install/examples_rclpy_minimal_client:/home/hiroselab/ros2_humble/install/examples_rclpy_minimal_action_server:/home/hiroselab/ros2_humble/install/examples_rclpy_minimal_action_client:/home/hiroselab/ros2_humble/install/examples_rclpy_guard_conditions:/home/hiroselab/ros2_humble/install/examples_rclpy_executors:/home/hiroselab/ros2_humble/install/demo_nodes_py:/home/hiroselab/ros2_humble/install/action_tutorials_py:/home/hiroselab/ros2_humble/install/ament_uncrustify:/home/hiroselab/ros2_humble/install/tracetools_trace:/home/hiroselab/ros2_humble/install/tracetools_read:/home/hiroselab/ros2_humble/install/test_tracetools_launch:/home/hiroselab/ros2_humble/install/test_launch_ros:/home/hiroselab/ros2_humble/install/sensor_msgs_py:/home/hiroselab/ros2_humble/install/rpyutils:/home/hiroselab/ros2_humble/install/rosidl_runtime_py:/home/hiroselab/ros2_humble/install/rosidl_cli:/home/hiroselab/ros2_humble/install/launch_pytest:/home/hiroselab/ros2_humble/install/launch_testing:/home/hiroselab/ros2_humble/install/launch_yaml:/home/hiroselab/ros2_humble/install/launch_xml:/home/hiroselab/ros2_humble/install/launch:/home/hiroselab/ros2_humble/install/osrf_pycommon:/home/hiroselab/ros2_humble/install/launch_testing_examples:/home/hiroselab/ros2_humble/install/domain_coordinator:/home/hiroselab/ros2_humble/install/ament_xmllint:/home/hiroselab/ros2_humble/install/ament_pyflakes:/home/hiroselab/ros2_humble/install/ament_pycodestyle:/home/hiroselab/ros2_humble/install/ament_pep257:/home/hiroselab/ros2_humble/install/ament_pclint:/home/hiroselab/ros2_humble/install/ament_package:/home/hiroselab/ros2_humble/install/ament_mypy:/home/hiroselab/ros2_humble/install/ament_lint_cmake:/home/hiroselab/ros2_humble/install/ament_flake8:/home/hiroselab/ros2_humble/install/ament_copyright:/home/hiroselab/ros2_humble/install/ament_lint:/home/hiroselab/ros2_humble/install/ament_index_python:/home/hiroselab/ros2_humble/install/ament_cpplint:/home/hiroselab/ros2_humble/install/ament_cppcheck:/home/hiroselab/ros2_humble/install/ament_clang_tidy:/home/hiroselab/ros2_humble/install/ament_clang_format /usr/bin/cmake /home/hiroselab/HDT-ros1-bridge/custom_msgs/custom_msgs_ros2 -DCMAKE_INSTALL_PREFIX=/home/hiroselab/HDT-ros1-bridge/custom_msgs/custom_msgs_ros2/install/autoware_msgs
[0.094s] -- The C compiler identification is GNU 11.4.0
[0.144s] -- The CXX compiler identification is GNU 11.4.0
[0.152s] -- Detecting C compiler ABI info
[0.212s] -- Detecting C compiler ABI info - done
[0.215s] -- Check for working C compiler: /usr/bin/cc - skipped
[0.216s] -- Detecting C compile features
[0.216s] -- Detecting C compile features - done
[0.218s] -- Detecting CXX compiler ABI info
[0.279s] -- Detecting CXX compiler ABI info - done
[0.283s] -- Check for working CXX compiler: /usr/bin/c++ - skipped
[0.283s] -- Detecting CXX compile features
[0.283s] -- Detecting CXX compile features - done
[0.293s] -- Found ament_cmake: 1.3.4 (/home/hiroselab/ros2_humble/install/ament_cmake/share/ament_cmake/cmake)
[0.623s] -- Found Python3: /usr/bin/python3.10 (found version "3.10.12") found components: Interpreter 
[0.833s] -- Found geometry_msgs: 4.2.3 (/home/hiroselab/ros2_humble/install/geometry_msgs/share/geometry_msgs/cmake)
[0.913s] -- Found rosidl_generator_c: 3.1.4 (/home/hiroselab/ros2_humble/install/rosidl_generator_c/share/rosidl_generator_c/cmake)
[0.926s] -- Found rosidl_adapter: 3.1.4 (/home/hiroselab/ros2_humble/install/rosidl_adapter/share/rosidl_adapter/cmake)
[0.942s] -- Found rosidl_generator_cpp: 3.1.4 (/home/hiroselab/ros2_humble/install/rosidl_generator_cpp/share/rosidl_generator_cpp/cmake)
[0.978s] -- Using all available rosidl_typesupport_c: rosidl_typesupport_fastrtps_c;rosidl_typesupport_introspection_c
[1.019s] -- Using all available rosidl_typesupport_cpp: rosidl_typesupport_fastrtps_cpp;rosidl_typesupport_introspection_cpp
[1.111s] -- Found rosidl_default_generators: 1.2.0 (/home/hiroselab/ros2_humble/install/rosidl_default_generators/share/rosidl_default_generators/cmake)
[1.560s] -- Found ament_cmake_ros: 0.10.0 (/home/hiroselab/ros2_humble/install/ament_cmake_ros/share/ament_cmake_ros/cmake)
[2.107s] -- Using all available rosidl_typesupport_c: rosidl_typesupport_fastrtps_c;rosidl_typesupport_introspection_c
[2.327s] -- Using all available rosidl_typesupport_cpp: rosidl_typesupport_fastrtps_cpp;rosidl_typesupport_introspection_cpp
[2.369s] -- Found PythonInterp: /usr/bin/python3 (found suitable version "3.10.12", minimum required is "3.6") 
[2.376s] -- Found python_cmake_module: 0.10.0 (/home/hiroselab/ros2_humble/install/python_cmake_module/share/python_cmake_module/cmake)
[2.423s] -- Found PythonLibs: /usr/lib/x86_64-linux-gnu/libpython3.10.so (found suitable version "3.10.12", minimum required is "3.5") 
[2.423s] -- Using PYTHON_EXECUTABLE: /usr/bin/python3
[2.423s] -- Using PYTHON_INCLUDE_DIRS: /usr/include/python3.10
[2.423s] -- Using PYTHON_LIBRARIES: /usr/lib/x86_64-linux-gnu/libpython3.10.so
[2.461s] -- Found PythonExtra: .so  
[2.742s] -- Found ament_lint_auto: 0.12.6 (/home/hiroselab/ros2_humble/install/ament_lint_auto/share/ament_lint_auto/cmake)
[2.795s] -- Added test 'cppcheck' to perform static code analysis on C / C++ code
[2.795s] -- Configured cppcheck include dirs: $<BUILD_INTERFACE:/home/hiroselab/HDT-ros1-bridge/custom_msgs/custom_msgs_ros2/build/autoware_msgs/rosidl_generator_c>;$<BUILD_INTERFACE:/home/hiroselab/HDT-ros1-bridge/custom_msgs/custom_msgs_ros2/build/autoware_msgs/rosidl_typesupport_fastrtps_c>;$<BUILD_INTERFACE:/home/hiroselab/HDT-ros1-bridge/custom_msgs/custom_msgs_ros2/build/autoware_msgs/rosidl_generator_cpp>;$<BUILD_INTERFACE:/home/hiroselab/HDT-ros1-bridge/custom_msgs/custom_msgs_ros2/build/autoware_msgs/rosidl_typesupport_fastrtps_cpp>;$<BUILD_INTERFACE:/home/hiroselab/HDT-ros1-bridge/custom_msgs/custom_msgs_ros2/build/autoware_msgs/rosidl_typesupport_introspection_c>;$<BUILD_INTERFACE:/home/hiroselab/HDT-ros1-bridge/custom_msgs/custom_msgs_ros2/build/autoware_msgs/rosidl_typesupport_introspection_cpp>;/home/hiroselab/HDT-ros1-bridge/custom_msgs/custom_msgs_ros2/build/autoware_msgs/rosidl_generator_c;/home/hiroselab/HDT-ros1-bridge/custom_msgs/custom_msgs_ros2/build/autoware_msgs/rosidl_generator_py
[2.795s] -- Configured cppcheck exclude dirs and/or files: 
[2.798s] -- Added test 'flake8' to check Python code syntax and style conventions
[2.800s] -- Added test 'lint_cmake' to check CMake code style
[2.803s] -- Added test 'pep257' to check Python code against some of the docstring style conventions in PEP 257
[2.807s] -- Added test 'uncrustify' to check C / C++ code style
[2.807s] -- Configured uncrustify additional arguments: 
[2.809s] -- Added test 'xmllint' to check XML markup files
[2.814s] -- Configuring done
[2.836s] -- Generating done
[2.837s] -- Build files have been written to: /home/hiroselab/HDT-ros1-bridge/custom_msgs/custom_msgs_ros2/build/autoware_msgs
[2.842s] Invoked command in '/home/hiroselab/HDT-ros1-bridge/custom_msgs/custom_msgs_ros2/build/autoware_msgs' returned '0': CMAKE_PREFIX_PATH=${CMAKE_PREFIX_PATH}:/home/hiroselab/study_ws/install/pointcloud_package:/opt/ros/humble:/home/hiroselab/ros2_humble/install/rqt_bag_plugins:/home/hiroselab/ros2_humble/install/rqt_bag:/home/hiroselab/ros2_humble/install/ros2bag:/home/hiroselab/ros2_humble/install/tracetools_test:/home/hiroselab/ros2_humble/install/tracetools_launch:/home/hiroselab/ros2_humble/install/topic_monitor:/home/hiroselab/ros2_humble/install/tf2_tools:/home/hiroselab/ros2_humble/install/examples_tf2_py:/home/hiroselab/ros2_humble/install/tf2_ros_py:/home/hiroselab/ros2_humble/install/sros2:/home/hiroselab/ros2_humble/install/rqt_topic:/home/hiroselab/ros2_humble/install/rqt_srv:/home/hiroselab/ros2_humble/install/rqt_shell:/home/hiroselab/ros2_humble/install/rqt_service_caller:/home/hiroselab/ros2_humble/install/rqt_reconfigure:/home/hiroselab/ros2_humble/install/rqt_py_console:/home/hiroselab/ros2_humble/install/rqt_publisher:/home/hiroselab/ros2_humble/install/rqt_plot:/home/hiroselab/ros2_humble/install/rqt_action:/home/hiroselab/ros2_humble/install/rqt_msg:/home/hiroselab/ros2_humble/install/rqt_console:/home/hiroselab/ros2_humble/install/rqt:/home/hiroselab/ros2_humble/install/rqt_graph:/home/hiroselab/ros2_humble/install/rqt_gui_py:/home/hiroselab/ros2_humble/install/rqt_gui:/home/hiroselab/ros2_humble/install/ros2trace:/home/hiroselab/ros2_humble/install/ros2topic:/home/hiroselab/ros2_humble/install/ros2test:/home/hiroselab/ros2_humble/install/ros2component:/home/hiroselab/ros2_humble/install/ros2param:/home/hiroselab/ros2_humble/install/ros2lifecycle:/home/hiroselab/ros2_humble/install/ros2service:/home/hiroselab/ros2_humble/install/ros2run:/home/hiroselab/ros2_humble/install/ros2launch:/home/hiroselab/ros2_humble/install/ros2pkg:/home/hiroselab/ros2_humble/install/ros2node:/home/hiroselab/ros2_humble/install/ros2multicast:/home/hiroselab/ros2_humble/install/ros2interface:/home/hiroselab/ros2_humble/install/ros2doctor:/home/hiroselab/ros2_humble/install/ros2action:/home/hiroselab/ros2_humble/install/ros2cli:/home/hiroselab/ros2_humble/install/quality_of_service_demo_py:/home/hiroselab/ros2_humble/install/lifecycle_py:/home/hiroselab/ros2_humble/install/launch_testing_ros:/home/hiroselab/ros2_humble/install/launch_ros:/home/hiroselab/ros2_humble/install/examples_rclpy_pointcloud_publisher:/home/hiroselab/ros2_humble/install/examples_rclpy_minimal_subscriber:/home/hiroselab/ros2_humble/install/examples_rclpy_minimal_service:/home/hiroselab/ros2_humble/install/examples_rclpy_minimal_publisher:/home/hiroselab/ros2_humble/install/examples_rclpy_minimal_client:/home/hiroselab/ros2_humble/install/examples_rclpy_minimal_action_server:/home/hiroselab/ros2_humble/install/examples_rclpy_minimal_action_client:/home/hiroselab/ros2_humble/install/examples_rclpy_guard_conditions:/home/hiroselab/ros2_humble/install/examples_rclpy_executors:/home/hiroselab/ros2_humble/install/demo_nodes_py:/home/hiroselab/ros2_humble/install/action_tutorials_py:/home/hiroselab/ros2_humble/install/ament_uncrustify:/home/hiroselab/ros2_humble/install/tracetools_trace:/home/hiroselab/ros2_humble/install/tracetools_read:/home/hiroselab/ros2_humble/install/test_tracetools_launch:/home/hiroselab/ros2_humble/install/test_launch_ros:/home/hiroselab/ros2_humble/install/sensor_msgs_py:/home/hiroselab/ros2_humble/install/rpyutils:/home/hiroselab/ros2_humble/install/rosidl_runtime_py:/home/hiroselab/ros2_humble/install/rosidl_cli:/home/hiroselab/ros2_humble/install/launch_pytest:/home/hiroselab/ros2_humble/install/launch_testing:/home/hiroselab/ros2_humble/install/launch_yaml:/home/hiroselab/ros2_humble/install/launch_xml:/home/hiroselab/ros2_humble/install/launch:/home/hiroselab/ros2_humble/install/osrf_pycommon:/home/hiroselab/ros2_humble/install/launch_testing_examples:/home/hiroselab/ros2_humble/install/domain_coordinator:/home/hiroselab/ros2_humble/install/ament_xmllint:/home/hiroselab/ros2_humble/install/ament_pyflakes:/home/hiroselab/ros2_humble/install/ament_pycodestyle:/home/hiroselab/ros2_humble/install/ament_pep257:/home/hiroselab/ros2_humble/install/ament_pclint:/home/hiroselab/ros2_humble/install/ament_package:/home/hiroselab/ros2_humble/install/ament_mypy:/home/hiroselab/ros2_humble/install/ament_lint_cmake:/home/hiroselab/ros2_humble/install/ament_flake8:/home/hiroselab/ros2_humble/install/ament_copyright:/home/hiroselab/ros2_humble/install/ament_lint:/home/hiroselab/ros2_humble/install/ament_index_python:/home/hiroselab/ros2_humble/install/ament_cpplint:/home/hiroselab/ros2_humble/install/ament_cppcheck:/home/hiroselab/ros2_humble/install/ament_clang_tidy:/home/hiroselab/ros2_humble/install/ament_clang_format /usr/bin/cmake /home/hiroselab/HDT-ros1-bridge/custom_msgs/custom_msgs_ros2 -DCMAKE_INSTALL_PREFIX=/home/hiroselab/HDT-ros1-bridge/custom_msgs/custom_msgs_ros2/install/autoware_msgs
[2.844s] Invoking command in '/home/hiroselab/HDT-ros1-bridge/custom_msgs/custom_msgs_ros2/build/autoware_msgs': CMAKE_PREFIX_PATH=${CMAKE_PREFIX_PATH}:/home/hiroselab/study_ws/install/pointcloud_package:/opt/ros/humble:/home/hiroselab/ros2_humble/install/rqt_bag_plugins:/home/hiroselab/ros2_humble/install/rqt_bag:/home/hiroselab/ros2_humble/install/ros2bag:/home/hiroselab/ros2_humble/install/tracetools_test:/home/hiroselab/ros2_humble/install/tracetools_launch:/home/hiroselab/ros2_humble/install/topic_monitor:/home/hiroselab/ros2_humble/install/tf2_tools:/home/hiroselab/ros2_humble/install/examples_tf2_py:/home/hiroselab/ros2_humble/install/tf2_ros_py:/home/hiroselab/ros2_humble/install/sros2:/home/hiroselab/ros2_humble/install/rqt_topic:/home/hiroselab/ros2_humble/install/rqt_srv:/home/hiroselab/ros2_humble/install/rqt_shell:/home/hiroselab/ros2_humble/install/rqt_service_caller:/home/hiroselab/ros2_humble/install/rqt_reconfigure:/home/hiroselab/ros2_humble/install/rqt_py_console:/home/hiroselab/ros2_humble/install/rqt_publisher:/home/hiroselab/ros2_humble/install/rqt_plot:/home/hiroselab/ros2_humble/install/rqt_action:/home/hiroselab/ros2_humble/install/rqt_msg:/home/hiroselab/ros2_humble/install/rqt_console:/home/hiroselab/ros2_humble/install/rqt:/home/hiroselab/ros2_humble/install/rqt_graph:/home/hiroselab/ros2_humble/install/rqt_gui_py:/home/hiroselab/ros2_humble/install/rqt_gui:/home/hiroselab/ros2_humble/install/ros2trace:/home/hiroselab/ros2_humble/install/ros2topic:/home/hiroselab/ros2_humble/install/ros2test:/home/hiroselab/ros2_humble/install/ros2component:/home/hiroselab/ros2_humble/install/ros2param:/home/hiroselab/ros2_humble/install/ros2lifecycle:/home/hiroselab/ros2_humble/install/ros2service:/home/hiroselab/ros2_humble/install/ros2run:/home/hiroselab/ros2_humble/install/ros2launch:/home/hiroselab/ros2_humble/install/ros2pkg:/home/hiroselab/ros2_humble/install/ros2node:/home/hiroselab/ros2_humble/install/ros2multicast:/home/hiroselab/ros2_humble/install/ros2interface:/home/hiroselab/ros2_humble/install/ros2doctor:/home/hiroselab/ros2_humble/install/ros2action:/home/hiroselab/ros2_humble/install/ros2cli:/home/hiroselab/ros2_humble/install/quality_of_service_demo_py:/home/hiroselab/ros2_humble/install/lifecycle_py:/home/hiroselab/ros2_humble/install/launch_testing_ros:/home/hiroselab/ros2_humble/install/launch_ros:/home/hiroselab/ros2_humble/install/examples_rclpy_pointcloud_publisher:/home/hiroselab/ros2_humble/install/examples_rclpy_minimal_subscriber:/home/hiroselab/ros2_humble/install/examples_rclpy_minimal_service:/home/hiroselab/ros2_humble/install/examples_rclpy_minimal_publisher:/home/hiroselab/ros2_humble/install/examples_rclpy_minimal_client:/home/hiroselab/ros2_humble/install/examples_rclpy_minimal_action_server:/home/hiroselab/ros2_humble/install/examples_rclpy_minimal_action_client:/home/hiroselab/ros2_humble/install/examples_rclpy_guard_conditions:/home/hiroselab/ros2_humble/install/examples_rclpy_executors:/home/hiroselab/ros2_humble/install/demo_nodes_py:/home/hiroselab/ros2_humble/install/action_tutorials_py:/home/hiroselab/ros2_humble/install/ament_uncrustify:/home/hiroselab/ros2_humble/install/tracetools_trace:/home/hiroselab/ros2_humble/install/tracetools_read:/home/hiroselab/ros2_humble/install/test_tracetools_launch:/home/hiroselab/ros2_humble/install/test_launch_ros:/home/hiroselab/ros2_humble/install/sensor_msgs_py:/home/hiroselab/ros2_humble/install/rpyutils:/home/hiroselab/ros2_humble/install/rosidl_runtime_py:/home/hiroselab/ros2_humble/install/rosidl_cli:/home/hiroselab/ros2_humble/install/launch_pytest:/home/hiroselab/ros2_humble/install/launch_testing:/home/hiroselab/ros2_humble/install/launch_yaml:/home/hiroselab/ros2_humble/install/launch_xml:/home/hiroselab/ros2_humble/install/launch:/home/hiroselab/ros2_humble/install/osrf_pycommon:/home/hiroselab/ros2_humble/install/launch_testing_examples:/home/hiroselab/ros2_humble/install/domain_coordinator:/home/hiroselab/ros2_humble/install/ament_xmllint:/home/hiroselab/ros2_humble/install/ament_pyflakes:/home/hiroselab/ros2_humble/install/ament_pycodestyle:/home/hiroselab/ros2_humble/install/ament_pep257:/home/hiroselab/ros2_humble/install/ament_pclint:/home/hiroselab/ros2_humble/install/ament_package:/home/hiroselab/ros2_humble/install/ament_mypy:/home/hiroselab/ros2_humble/install/ament_lint_cmake:/home/hiroselab/ros2_humble/install/ament_flake8:/home/hiroselab/ros2_humble/install/ament_copyright:/home/hiroselab/ros2_humble/install/ament_lint:/home/hiroselab/ros2_humble/install/ament_index_python:/home/hiroselab/ros2_humble/install/ament_cpplint:/home/hiroselab/ros2_humble/install/ament_cppcheck:/home/hiroselab/ros2_humble/install/ament_clang_tidy:/home/hiroselab/ros2_humble/install/ament_clang_format /usr/bin/cmake --build /home/hiroselab/HDT-ros1-bridge/custom_msgs/custom_msgs_ros2/build/autoware_msgs -- -j24 -l24
[2.884s] [  1%] [34m[1mGenerating C code for ROS interfaces[0m
[2.895s] [  2%] [34m[1mGenerating C++ code for ROS interfaces[0m
[2.902s] [  2%] Built target ament_cmake_python_copy_autoware_msgs
[3.173s] running egg_info
[3.173s] creating autoware_msgs.egg-info
[3.174s] writing autoware_msgs.egg-info/PKG-INFO
[3.174s] writing dependency_links to autoware_msgs.egg-info/dependency_links.txt
[3.174s] writing top-level names to autoware_msgs.egg-info/top_level.txt
[3.174s] writing manifest file 'autoware_msgs.egg-info/SOURCES.txt'
[3.175s] reading manifest file 'autoware_msgs.egg-info/SOURCES.txt'
[3.175s] writing manifest file 'autoware_msgs.egg-info/SOURCES.txt'
[3.196s] [  2%] Built target ament_cmake_python_build_autoware_msgs_egg
[3.353s] [  2%] Built target autoware_msgs__cpp
[3.365s] [  7%] [34m[1mGenerating C++ type support dispatch for ROS interfaces[0m
[3.365s] [  7%] [34m[1mGenerating C++ type support for eProsima Fast-RTPS[0m
[3.365s] [  7%] [34m[1mGenerating C++ introspection for ROS interfaces[0m
[3.377s] [  8%] [32mBuilding C object CMakeFiles/autoware_msgs__rosidl_generator_c.dir/rosidl_generator_c/autoware_msgs/msg/detail/lane__functions.c.o[0m
[3.378s] [ 11%] [32mBuilding C object CMakeFiles/autoware_msgs__rosidl_generator_c.dir/rosidl_generator_c/autoware_msgs/msg/detail/waypoint_state__functions.c.o[0m
[3.378s] [ 12%] [32mBuilding C object CMakeFiles/autoware_msgs__rosidl_generator_c.dir/rosidl_generator_c/autoware_msgs/msg/detail/lane_waypoints_array__functions.c.o[0m
[3.378s] [ 12%] [32mBuilding C object CMakeFiles/autoware_msgs__rosidl_generator_c.dir/rosidl_generator_c/autoware_msgs/msg/detail/dt_lane__functions.c.o[0m
[3.378s] [ 14%] [32mBuilding C object CMakeFiles/autoware_msgs__rosidl_generator_c.dir/rosidl_generator_c/autoware_msgs/msg/detail/waypoint__functions.c.o[0m
[3.381s] [ 15%] [32mBuilding C object CMakeFiles/autoware_msgs__rosidl_generator_c.dir/rosidl_generator_c/autoware_msgs/msg/detail/lane_array__functions.c.o[0m
[3.425s] [ 16%] [32m[1mLinking C shared library libautoware_msgs__rosidl_generator_c.so[0m
[3.460s] [ 16%] Built target autoware_msgs__rosidl_generator_c
[3.473s] [ 21%] [34m[1mGenerating C type support dispatch for ROS interfaces[0m
[3.473s] [ 21%] [34m[1mGenerating C introspection for ROS interfaces[0m
[3.473s] [ 21%] [34m[1mGenerating C type support for eProsima Fast-RTPS[0m
[3.769s] [ 22%] [32mBuilding CXX object CMakeFiles/autoware_msgs__rosidl_typesupport_cpp.dir/rosidl_typesupport_cpp/autoware_msgs/msg/dt_lane__type_support.cpp.o[0m
[3.773s] [ 25%] [32mBuilding CXX object CMakeFiles/autoware_msgs__rosidl_typesupport_cpp.dir/rosidl_typesupport_cpp/autoware_msgs/msg/waypoint__type_support.cpp.o[0m
[3.773s] [ 25%] [32mBuilding CXX object CMakeFiles/autoware_msgs__rosidl_typesupport_cpp.dir/rosidl_typesupport_cpp/autoware_msgs/msg/lane_array__type_support.cpp.o[0m
[3.774s] [ 26%] [32mBuilding CXX object CMakeFiles/autoware_msgs__rosidl_typesupport_cpp.dir/rosidl_typesupport_cpp/autoware_msgs/msg/lane_waypoints_array__type_support.cpp.o[0m
[3.774s] [ 28%] [32mBuilding CXX object CMakeFiles/autoware_msgs__rosidl_typesupport_cpp.dir/rosidl_typesupport_cpp/autoware_msgs/msg/waypoint_state__type_support.cpp.o[0m
[3.775s] [ 29%] [32mBuilding CXX object CMakeFiles/autoware_msgs__rosidl_typesupport_cpp.dir/rosidl_typesupport_cpp/autoware_msgs/msg/lane__type_support.cpp.o[0m
[3.799s] [ 32%] [32mBuilding CXX object CMakeFiles/autoware_msgs__rosidl_typesupport_introspection_cpp.dir/rosidl_typesupport_introspection_cpp/autoware_msgs/msg/detail/dt_lane__type_support.cpp.o[0m
[3.799s] [ 32%] [32mBuilding CXX object CMakeFiles/autoware_msgs__rosidl_typesupport_introspection_cpp.dir/rosidl_typesupport_introspection_cpp/autoware_msgs/msg/detail/waypoint_state__type_support.cpp.o[0m
[3.802s] [ 36%] [32mBuilding CXX object CMakeFiles/autoware_msgs__rosidl_typesupport_introspection_cpp.dir/rosidl_typesupport_introspection_cpp/autoware_msgs/msg/detail/lane__type_support.cpp.o[0m
[3.802s] [ 36%] [32mBuilding CXX object CMakeFiles/autoware_msgs__rosidl_typesupport_introspection_cpp.dir/rosidl_typesupport_introspection_cpp/autoware_msgs/msg/detail/lane_waypoints_array__type_support.cpp.o[0m
[3.802s] [ 36%] [32mBuilding CXX object CMakeFiles/autoware_msgs__rosidl_typesupport_introspection_cpp.dir/rosidl_typesupport_introspection_cpp/autoware_msgs/msg/detail/waypoint__type_support.cpp.o[0m
[3.802s] [ 38%] [32mBuilding CXX object CMakeFiles/autoware_msgs__rosidl_typesupport_introspection_cpp.dir/rosidl_typesupport_introspection_cpp/autoware_msgs/msg/detail/lane_array__type_support.cpp.o[0m
[3.846s] [ 42%] [32mBuilding CXX object CMakeFiles/autoware_msgs__rosidl_typesupport_fastrtps_cpp.dir/rosidl_typesupport_fastrtps_cpp/autoware_msgs/msg/detail/dds_fastrtps/lane__type_support.cpp.o[0m
[3.846s] [ 42%] [32mBuilding CXX object CMakeFiles/autoware_msgs__rosidl_typesupport_fastrtps_cpp.dir/rosidl_typesupport_fastrtps_cpp/autoware_msgs/msg/detail/dds_fastrtps/dt_lane__type_support.cpp.o[0m
[3.846s] [ 42%] [32mBuilding CXX object CMakeFiles/autoware_msgs__rosidl_typesupport_fastrtps_cpp.dir/rosidl_typesupport_fastrtps_cpp/autoware_msgs/msg/detail/dds_fastrtps/lane_waypoints_array__type_support.cpp.o[0m
[3.846s] [ 43%] [32mBuilding CXX object CMakeFiles/autoware_msgs__rosidl_typesupport_fastrtps_cpp.dir/rosidl_typesupport_fastrtps_cpp/autoware_msgs/msg/detail/dds_fastrtps/lane_array__type_support.cpp.o[0m
[3.847s] [ 45%] [32mBuilding CXX object CMakeFiles/autoware_msgs__rosidl_typesupport_fastrtps_cpp.dir/rosidl_typesupport_fastrtps_cpp/autoware_msgs/msg/detail/dds_fastrtps/waypoint_state__type_support.cpp.o[0m
[3.847s] [ 46%] [32mBuilding CXX object CMakeFiles/autoware_msgs__rosidl_typesupport_fastrtps_cpp.dir/rosidl_typesupport_fastrtps_cpp/autoware_msgs/msg/detail/dds_fastrtps/waypoint__type_support.cpp.o[0m
[3.943s] [ 52%] [32mBuilding CXX object CMakeFiles/autoware_msgs__rosidl_typesupport_c.dir/rosidl_typesupport_c/autoware_msgs/msg/waypoint_state__type_support.cpp.o[0m
[3.943s] [ 52%] [32mBuilding CXX object CMakeFiles/autoware_msgs__rosidl_typesupport_c.dir/rosidl_typesupport_c/autoware_msgs/msg/waypoint__type_support.cpp.o[0m
[3.943s] [ 52%] [32mBuilding CXX object CMakeFiles/autoware_msgs__rosidl_typesupport_c.dir/rosidl_typesupport_c/autoware_msgs/msg/dt_lane__type_support.cpp.o[0m
[3.943s] [ 52%] [32mBuilding CXX object CMakeFiles/autoware_msgs__rosidl_typesupport_c.dir/rosidl_typesupport_c/autoware_msgs/msg/lane_waypoints_array__type_support.cpp.o[0m
[3.992s] [ 54%] [32mBuilding CXX object CMakeFiles/autoware_msgs__rosidl_typesupport_c.dir/rosidl_typesupport_c/autoware_msgs/msg/lane__type_support.cpp.o[0m
[3.992s] [ 54%] [32mBuilding CXX object CMakeFiles/autoware_msgs__rosidl_typesupport_c.dir/rosidl_typesupport_c/autoware_msgs/msg/lane_array__type_support.cpp.o[0m
[4.050s] [ 56%] [32m[1mLinking CXX shared library libautoware_msgs__rosidl_typesupport_c.so[0m
[4.077s] [ 57%] [32m[1mLinking CXX shared library libautoware_msgs__rosidl_typesupport_cpp.so[0m
[4.090s] [ 64%] [32mBuilding C object CMakeFiles/autoware_msgs__rosidl_typesupport_introspection_c.dir/rosidl_typesupport_introspection_c/autoware_msgs/msg/detail/waypoint__type_support.c.o[0m
[4.090s] [ 64%] [32mBuilding C object CMakeFiles/autoware_msgs__rosidl_typesupport_introspection_c.dir/rosidl_typesupport_introspection_c/autoware_msgs/msg/detail/lane__type_support.c.o[0m
[4.091s] [ 64%] [32mBuilding C object CMakeFiles/autoware_msgs__rosidl_typesupport_introspection_c.dir/rosidl_typesupport_introspection_c/autoware_msgs/msg/detail/waypoint_state__type_support.c.o[0m
[4.091s] [ 64%] [32mBuilding C object CMakeFiles/autoware_msgs__rosidl_typesupport_introspection_c.dir/rosidl_typesupport_introspection_c/autoware_msgs/msg/detail/lane_array__type_support.c.o[0m
[4.091s] [ 64%] [32mBuilding C object CMakeFiles/autoware_msgs__rosidl_typesupport_introspection_c.dir/rosidl_typesupport_introspection_c/autoware_msgs/msg/detail/lane_waypoints_array__type_support.c.o[0m
[4.092s] [ 66%] [32mBuilding C object CMakeFiles/autoware_msgs__rosidl_typesupport_introspection_c.dir/rosidl_typesupport_introspection_c/autoware_msgs/msg/detail/dt_lane__type_support.c.o[0m
[4.126s] [ 69%] [32mBuilding CXX object CMakeFiles/autoware_msgs__rosidl_typesupport_fastrtps_c.dir/rosidl_typesupport_fastrtps_c/autoware_msgs/msg/detail/waypoint__type_support_c.cpp.o[0m
[4.126s] [ 69%] [32mBuilding CXX object CMakeFiles/autoware_msgs__rosidl_typesupport_fastrtps_c.dir/rosidl_typesupport_fastrtps_c/autoware_msgs/msg/detail/waypoint_state__type_support_c.cpp.o[0m
[4.126s] [ 69%] Built target autoware_msgs__rosidl_typesupport_c
[4.130s] [ 71%] [32mBuilding CXX object CMakeFiles/autoware_msgs__rosidl_typesupport_fastrtps_c.dir/rosidl_typesupport_fastrtps_c/autoware_msgs/msg/detail/lane_waypoints_array__type_support_c.cpp.o[0m
[4.131s] [ 71%] [32mBuilding CXX object CMakeFiles/autoware_msgs__rosidl_typesupport_fastrtps_c.dir/rosidl_typesupport_fastrtps_c/autoware_msgs/msg/detail/dt_lane__type_support_c.cpp.o[0m
[4.139s] [ 73%] [32mBuilding CXX object CMakeFiles/autoware_msgs__rosidl_typesupport_fastrtps_c.dir/rosidl_typesupport_fastrtps_c/autoware_msgs/msg/detail/lane__type_support_c.cpp.o[0m
[4.144s] [ 73%] Built target autoware_msgs__rosidl_typesupport_cpp
[4.152s] [ 74%] [32mBuilding CXX object CMakeFiles/autoware_msgs__rosidl_typesupport_fastrtps_c.dir/rosidl_typesupport_fastrtps_c/autoware_msgs/msg/detail/lane_array__type_support_c.cpp.o[0m
[4.153s] [ 76%] [32m[1mLinking C shared library libautoware_msgs__rosidl_typesupport_introspection_c.so[0m
[4.209s] [ 76%] Built target autoware_msgs__rosidl_typesupport_introspection_c
[4.230s] [ 77%] [32m[1mLinking CXX shared library libautoware_msgs__rosidl_typesupport_introspection_cpp.so[0m
[4.283s] [ 78%] [32m[1mLinking CXX shared library libautoware_msgs__rosidl_typesupport_fastrtps_cpp.so[0m
[4.294s] [ 78%] Built target autoware_msgs__rosidl_typesupport_introspection_cpp
[4.345s] [ 78%] Built target autoware_msgs__rosidl_typesupport_fastrtps_cpp
[4.363s] [ 80%] [32m[1mLinking CXX shared library libautoware_msgs__rosidl_typesupport_fastrtps_c.so[0m
[4.416s] [ 80%] Built target autoware_msgs__rosidl_typesupport_fastrtps_c
[4.437s] [ 80%] Built target autoware_msgs
[4.459s] [ 81%] [34m[1mGenerating Python code for ROS interfaces[0m
[5.148s] [ 81%] Built target autoware_msgs__py
[5.171s] [ 83%] [32mBuilding C object CMakeFiles/autoware_msgs__rosidl_generator_py.dir/rosidl_generator_py/autoware_msgs/msg/_dt_lane_s.c.o[0m
[5.171s] [ 84%] [32mBuilding C object CMakeFiles/autoware_msgs__rosidl_generator_py.dir/rosidl_generator_py/autoware_msgs/msg/_lane_waypoints_array_s.c.o[0m
[5.171s] [ 87%] [32mBuilding C object CMakeFiles/autoware_msgs__rosidl_generator_py.dir/rosidl_generator_py/autoware_msgs/msg/_waypoint_state_s.c.o[0m
[5.171s] [ 87%] [32mBuilding C object CMakeFiles/autoware_msgs__rosidl_generator_py.dir/rosidl_generator_py/autoware_msgs/msg/_lane_array_s.c.o[0m
[5.171s] [ 88%] [32mBuilding C object CMakeFiles/autoware_msgs__rosidl_generator_py.dir/rosidl_generator_py/autoware_msgs/msg/_lane_s.c.o[0m
[5.171s] [ 90%] [32mBuilding C object CMakeFiles/autoware_msgs__rosidl_generator_py.dir/rosidl_generator_py/autoware_msgs/msg/_waypoint_s.c.o[0m
[5.249s] [ 91%] [32m[1mLinking C shared library rosidl_generator_py/autoware_msgs/libautoware_msgs__rosidl_generator_py.so[0m
[5.284s] [ 91%] Built target autoware_msgs__rosidl_generator_py
[5.307s] [ 95%] [32mBuilding C object CMakeFiles/autoware_msgs__rosidl_typesupport_c__pyext.dir/rosidl_generator_py/autoware_msgs/_autoware_msgs_s.ep.rosidl_typesupport_c.c.o[0m
[5.307s] [ 95%] [32mBuilding C object CMakeFiles/autoware_msgs__rosidl_typesupport_introspection_c__pyext.dir/rosidl_generator_py/autoware_msgs/_autoware_msgs_s.ep.rosidl_typesupport_introspection_c.c.o[0m
[5.307s] [ 95%] [32mBuilding C object CMakeFiles/autoware_msgs__rosidl_typesupport_fastrtps_c__pyext.dir/rosidl_generator_py/autoware_msgs/_autoware_msgs_s.ep.rosidl_typesupport_fastrtps_c.c.o[0m
[5.375s] [ 98%] [32m[1mLinking C shared library rosidl_generator_py/autoware_msgs/autoware_msgs_s__rosidl_typesupport_introspection_c.cpython-310-x86_64-linux-gnu.so[0m
[5.375s] [ 98%] [32m[1mLinking C shared library rosidl_generator_py/autoware_msgs/autoware_msgs_s__rosidl_typesupport_fastrtps_c.cpython-310-x86_64-linux-gnu.so[0m
[5.375s] [100%] [32m[1mLinking C shared library rosidl_generator_py/autoware_msgs/autoware_msgs_s__rosidl_typesupport_c.cpython-310-x86_64-linux-gnu.so[0m
[5.409s] [100%] Built target autoware_msgs__rosidl_typesupport_c__pyext
[5.409s] [100%] Built target autoware_msgs__rosidl_typesupport_introspection_c__pyext
[5.410s] [100%] Built target autoware_msgs__rosidl_typesupport_fastrtps_c__pyext
[5.420s] Invoked command in '/home/hiroselab/HDT-ros1-bridge/custom_msgs/custom_msgs_ros2/build/autoware_msgs' returned '0': CMAKE_PREFIX_PATH=${CMAKE_PREFIX_PATH}:/home/hiroselab/study_ws/install/pointcloud_package:/opt/ros/humble:/home/hiroselab/ros2_humble/install/rqt_bag_plugins:/home/hiroselab/ros2_humble/install/rqt_bag:/home/hiroselab/ros2_humble/install/ros2bag:/home/hiroselab/ros2_humble/install/tracetools_test:/home/hiroselab/ros2_humble/install/tracetools_launch:/home/hiroselab/ros2_humble/install/topic_monitor:/home/hiroselab/ros2_humble/install/tf2_tools:/home/hiroselab/ros2_humble/install/examples_tf2_py:/home/hiroselab/ros2_humble/install/tf2_ros_py:/home/hiroselab/ros2_humble/install/sros2:/home/hiroselab/ros2_humble/install/rqt_topic:/home/hiroselab/ros2_humble/install/rqt_srv:/home/hiroselab/ros2_humble/install/rqt_shell:/home/hiroselab/ros2_humble/install/rqt_service_caller:/home/hiroselab/ros2_humble/install/rqt_reconfigure:/home/hiroselab/ros2_humble/install/rqt_py_console:/home/hiroselab/ros2_humble/install/rqt_publisher:/home/hiroselab/ros2_humble/install/rqt_plot:/home/hiroselab/ros2_humble/install/rqt_action:/home/hiroselab/ros2_humble/install/rqt_msg:/home/hiroselab/ros2_humble/install/rqt_console:/home/hiroselab/ros2_humble/install/rqt:/home/hiroselab/ros2_humble/install/rqt_graph:/home/hiroselab/ros2_humble/install/rqt_gui_py:/home/hiroselab/ros2_humble/install/rqt_gui:/home/hiroselab/ros2_humble/install/ros2trace:/home/hiroselab/ros2_humble/install/ros2topic:/home/hiroselab/ros2_humble/install/ros2test:/home/hiroselab/ros2_humble/install/ros2component:/home/hiroselab/ros2_humble/install/ros2param:/home/hiroselab/ros2_humble/install/ros2lifecycle:/home/hiroselab/ros2_humble/install/ros2service:/home/hiroselab/ros2_humble/install/ros2run:/home/hiroselab/ros2_humble/install/ros2launch:/home/hiroselab/ros2_humble/install/ros2pkg:/home/hiroselab/ros2_humble/install/ros2node:/home/hiroselab/ros2_humble/install/ros2multicast:/home/hiroselab/ros2_humble/install/ros2interface:/home/hiroselab/ros2_humble/install/ros2doctor:/home/hiroselab/ros2_humble/install/ros2action:/home/hiroselab/ros2_humble/install/ros2cli:/home/hiroselab/ros2_humble/install/quality_of_service_demo_py:/home/hiroselab/ros2_humble/install/lifecycle_py:/home/hiroselab/ros2_humble/install/launch_testing_ros:/home/hiroselab/ros2_humble/install/launch_ros:/home/hiroselab/ros2_humble/install/examples_rclpy_pointcloud_publisher:/home/hiroselab/ros2_humble/install/examples_rclpy_minimal_subscriber:/home/hiroselab/ros2_humble/install/examples_rclpy_minimal_service:/home/hiroselab/ros2_humble/install/examples_rclpy_minimal_publisher:/home/hiroselab/ros2_humble/install/examples_rclpy_minimal_client:/home/hiroselab/ros2_humble/install/examples_rclpy_minimal_action_server:/home/hiroselab/ros2_humble/install/examples_rclpy_minimal_action_client:/home/hiroselab/ros2_humble/install/examples_rclpy_guard_conditions:/home/hiroselab/ros2_humble/install/examples_rclpy_executors:/home/hiroselab/ros2_humble/install/demo_nodes_py:/home/hiroselab/ros2_humble/install/action_tutorials_py:/home/hiroselab/ros2_humble/install/ament_uncrustify:/home/hiroselab/ros2_humble/install/tracetools_trace:/home/hiroselab/ros2_humble/install/tracetools_read:/home/hiroselab/ros2_humble/install/test_tracetools_launch:/home/hiroselab/ros2_humble/install/test_launch_ros:/home/hiroselab/ros2_humble/install/sensor_msgs_py:/home/hiroselab/ros2_humble/install/rpyutils:/home/hiroselab/ros2_humble/install/rosidl_runtime_py:/home/hiroselab/ros2_humble/install/rosidl_cli:/home/hiroselab/ros2_humble/install/launch_pytest:/home/hiroselab/ros2_humble/install/launch_testing:/home/hiroselab/ros2_humble/install/launch_yaml:/home/hiroselab/ros2_humble/install/launch_xml:/home/hiroselab/ros2_humble/install/launch:/home/hiroselab/ros2_humble/install/osrf_pycommon:/home/hiroselab/ros2_humble/install/launch_testing_examples:/home/hiroselab/ros2_humble/install/domain_coordinator:/home/hiroselab/ros2_humble/install/ament_xmllint:/home/hiroselab/ros2_humble/install/ament_pyflakes:/home/hiroselab/ros2_humble/install/ament_pycodestyle:/home/hiroselab/ros2_humble/install/ament_pep257:/home/hiroselab/ros2_humble/install/ament_pclint:/home/hiroselab/ros2_humble/install/ament_package:/home/hiroselab/ros2_humble/install/ament_mypy:/home/hiroselab/ros2_humble/install/ament_lint_cmake:/home/hiroselab/ros2_humble/install/ament_flake8:/home/hiroselab/ros2_humble/install/ament_copyright:/home/hiroselab/ros2_humble/install/ament_lint:/home/hiroselab/ros2_humble/install/ament_index_python:/home/hiroselab/ros2_humble/install/ament_cpplint:/home/hiroselab/ros2_humble/install/ament_cppcheck:/home/hiroselab/ros2_humble/install/ament_clang_tidy:/home/hiroselab/ros2_humble/install/ament_clang_format /usr/bin/cmake --build /home/hiroselab/HDT-ros1-bridge/custom_msgs/custom_msgs_ros2/build/autoware_msgs -- -j24 -l24
[5.688s] Invoking command in '/home/hiroselab/HDT-ros1-bridge/custom_msgs/custom_msgs_ros2/build/autoware_msgs': CMAKE_PREFIX_PATH=${CMAKE_PREFIX_PATH}:/home/hiroselab/study_ws/install/pointcloud_package:/opt/ros/humble:/home/hiroselab/ros2_humble/install/rqt_bag_plugins:/home/hiroselab/ros2_humble/install/rqt_bag:/home/hiroselab/ros2_humble/install/ros2bag:/home/hiroselab/ros2_humble/install/tracetools_test:/home/hiroselab/ros2_humble/install/tracetools_launch:/home/hiroselab/ros2_humble/install/topic_monitor:/home/hiroselab/ros2_humble/install/tf2_tools:/home/hiroselab/ros2_humble/install/examples_tf2_py:/home/hiroselab/ros2_humble/install/tf2_ros_py:/home/hiroselab/ros2_humble/install/sros2:/home/hiroselab/ros2_humble/install/rqt_topic:/home/hiroselab/ros2_humble/install/rqt_srv:/home/hiroselab/ros2_humble/install/rqt_shell:/home/hiroselab/ros2_humble/install/rqt_service_caller:/home/hiroselab/ros2_humble/install/rqt_reconfigure:/home/hiroselab/ros2_humble/install/rqt_py_console:/home/hiroselab/ros2_humble/install/rqt_publisher:/home/hiroselab/ros2_humble/install/rqt_plot:/home/hiroselab/ros2_humble/install/rqt_action:/home/hiroselab/ros2_humble/install/rqt_msg:/home/hiroselab/ros2_humble/install/rqt_console:/home/hiroselab/ros2_humble/install/rqt:/home/hiroselab/ros2_humble/install/rqt_graph:/home/hiroselab/ros2_humble/install/rqt_gui_py:/home/hiroselab/ros2_humble/install/rqt_gui:/home/hiroselab/ros2_humble/install/ros2trace:/home/hiroselab/ros2_humble/install/ros2topic:/home/hiroselab/ros2_humble/install/ros2test:/home/hiroselab/ros2_humble/install/ros2component:/home/hiroselab/ros2_humble/install/ros2param:/home/hiroselab/ros2_humble/install/ros2lifecycle:/home/hiroselab/ros2_humble/install/ros2service:/home/hiroselab/ros2_humble/install/ros2run:/home/hiroselab/ros2_humble/install/ros2launch:/home/hiroselab/ros2_humble/install/ros2pkg:/home/hiroselab/ros2_humble/install/ros2node:/home/hiroselab/ros2_humble/install/ros2multicast:/home/hiroselab/ros2_humble/install/ros2interface:/home/hiroselab/ros2_humble/install/ros2doctor:/home/hiroselab/ros2_humble/install/ros2action:/home/hiroselab/ros2_humble/install/ros2cli:/home/hiroselab/ros2_humble/install/quality_of_service_demo_py:/home/hiroselab/ros2_humble/install/lifecycle_py:/home/hiroselab/ros2_humble/install/launch_testing_ros:/home/hiroselab/ros2_humble/install/launch_ros:/home/hiroselab/ros2_humble/install/examples_rclpy_pointcloud_publisher:/home/hiroselab/ros2_humble/install/examples_rclpy_minimal_subscriber:/home/hiroselab/ros2_humble/install/examples_rclpy_minimal_service:/home/hiroselab/ros2_humble/install/examples_rclpy_minimal_publisher:/home/hiroselab/ros2_humble/install/examples_rclpy_minimal_client:/home/hiroselab/ros2_humble/install/examples_rclpy_minimal_action_server:/home/hiroselab/ros2_humble/install/examples_rclpy_minimal_action_client:/home/hiroselab/ros2_humble/install/examples_rclpy_guard_conditions:/home/hiroselab/ros2_humble/install/examples_rclpy_executors:/home/hiroselab/ros2_humble/install/demo_nodes_py:/home/hiroselab/ros2_humble/install/action_tutorials_py:/home/hiroselab/ros2_humble/install/ament_uncrustify:/home/hiroselab/ros2_humble/install/tracetools_trace:/home/hiroselab/ros2_humble/install/tracetools_read:/home/hiroselab/ros2_humble/install/test_tracetools_launch:/home/hiroselab/ros2_humble/install/test_launch_ros:/home/hiroselab/ros2_humble/install/sensor_msgs_py:/home/hiroselab/ros2_humble/install/rpyutils:/home/hiroselab/ros2_humble/install/rosidl_runtime_py:/home/hiroselab/ros2_humble/install/rosidl_cli:/home/hiroselab/ros2_humble/install/launch_pytest:/home/hiroselab/ros2_humble/install/launch_testing:/home/hiroselab/ros2_humble/install/launch_yaml:/home/hiroselab/ros2_humble/install/launch_xml:/home/hiroselab/ros2_humble/install/launch:/home/hiroselab/ros2_humble/install/osrf_pycommon:/home/hiroselab/ros2_humble/install/launch_testing_examples:/home/hiroselab/ros2_humble/install/domain_coordinator:/home/hiroselab/ros2_humble/install/ament_xmllint:/home/hiroselab/ros2_humble/install/ament_pyflakes:/home/hiroselab/ros2_humble/install/ament_pycodestyle:/home/hiroselab/ros2_humble/install/ament_pep257:/home/hiroselab/ros2_humble/install/ament_pclint:/home/hiroselab/ros2_humble/install/ament_package:/home/hiroselab/ros2_humble/install/ament_mypy:/home/hiroselab/ros2_humble/install/ament_lint_cmake:/home/hiroselab/ros2_humble/install/ament_flake8:/home/hiroselab/ros2_humble/install/ament_copyright:/home/hiroselab/ros2_humble/install/ament_lint:/home/hiroselab/ros2_humble/install/ament_index_python:/home/hiroselab/ros2_humble/install/ament_cpplint:/home/hiroselab/ros2_humble/install/ament_cppcheck:/home/hiroselab/ros2_humble/install/ament_clang_tidy:/home/hiroselab/ros2_humble/install/ament_clang_format /usr/bin/cmake --install /home/hiroselab/HDT-ros1-bridge/custom_msgs/custom_msgs_ros2/build/autoware_msgs
[5.696s] -- Install configuration: ""
[5.696s] -- Installing: /home/hiroselab/HDT-ros1-bridge/custom_msgs/custom_msgs_ros2/install/autoware_msgs/share/ament_index/resource_index/rosidl_interfaces/autoware_msgs
[5.696s] -- Installing: /home/hiroselab/HDT-ros1-bridge/custom_msgs/custom_msgs_ros2/install/autoware_msgs/include/autoware_msgs/autoware_msgs
[5.697s] -- Installing: /home/hiroselab/HDT-ros1-bridge/custom_msgs/custom_msgs_ros2/install/autoware_msgs/include/autoware_msgs/autoware_msgs/msg
[5.697s] -- Installing: /home/hiroselab/HDT-ros1-bridge/custom_msgs/custom_msgs_ros2/install/autoware_msgs/include/autoware_msgs/autoware_msgs/msg/rosidl_generator_c__visibility_control.h
[5.697s] -- Installing: /home/hiroselab/HDT-ros1-bridge/custom_msgs/custom_msgs_ros2/install/autoware_msgs/include/autoware_msgs/autoware_msgs/msg/lane_array.h
[5.697s] -- Installing: /home/hiroselab/HDT-ros1-bridge/custom_msgs/custom_msgs_ros2/install/autoware_msgs/include/autoware_msgs/autoware_msgs/msg/waypoint.h
[5.697s] -- Installing: /home/hiroselab/HDT-ros1-bridge/custom_msgs/custom_msgs_ros2/install/autoware_msgs/include/autoware_msgs/autoware_msgs/msg/lane.h
[5.697s] -- Installing: /home/hiroselab/HDT-ros1-bridge/custom_msgs/custom_msgs_ros2/install/autoware_msgs/include/autoware_msgs/autoware_msgs/msg/detail
[5.697s] -- Installing: /home/hiroselab/HDT-ros1-bridge/custom_msgs/custom_msgs_ros2/install/autoware_msgs/include/autoware_msgs/autoware_msgs/msg/detail/waypoint_state__functions.c
[5.697s] -- Installing: /home/hiroselab/HDT-ros1-bridge/custom_msgs/custom_msgs_ros2/install/autoware_msgs/include/autoware_msgs/autoware_msgs/msg/detail/waypoint_state__functions.h
[5.697s] -- Installing: /home/hiroselab/HDT-ros1-bridge/custom_msgs/custom_msgs_ros2/install/autoware_msgs/include/autoware_msgs/autoware_msgs/msg/detail/waypoint__functions.c
[5.697s] -- Installing: /home/hiroselab/HDT-ros1-bridge/custom_msgs/custom_msgs_ros2/install/autoware_msgs/include/autoware_msgs/autoware_msgs/msg/detail/waypoint_state__struct.h
[5.697s] -- Installing: /home/hiroselab/HDT-ros1-bridge/custom_msgs/custom_msgs_ros2/install/autoware_msgs/include/autoware_msgs/autoware_msgs/msg/detail/lane_waypoints_array__type_support.h
[5.697s] -- Installing: /home/hiroselab/HDT-ros1-bridge/custom_msgs/custom_msgs_ros2/install/autoware_msgs/include/autoware_msgs/autoware_msgs/msg/detail/lane__struct.h
[5.697s] -- Installing: /home/hiroselab/HDT-ros1-bridge/custom_msgs/custom_msgs_ros2/install/autoware_msgs/include/autoware_msgs/autoware_msgs/msg/detail/dt_lane__functions.h
[5.697s] -- Installing: /home/hiroselab/HDT-ros1-bridge/custom_msgs/custom_msgs_ros2/install/autoware_msgs/include/autoware_msgs/autoware_msgs/msg/detail/lane__functions.c
[5.697s] -- Installing: /home/hiroselab/HDT-ros1-bridge/custom_msgs/custom_msgs_ros2/install/autoware_msgs/include/autoware_msgs/autoware_msgs/msg/detail/waypoint__struct.h
[5.697s] -- Installing: /home/hiroselab/HDT-ros1-bridge/custom_msgs/custom_msgs_ros2/install/autoware_msgs/include/autoware_msgs/autoware_msgs/msg/detail/dt_lane__functions.c
[5.697s] -- Installing: /home/hiroselab/HDT-ros1-bridge/custom_msgs/custom_msgs_ros2/install/autoware_msgs/include/autoware_msgs/autoware_msgs/msg/detail/lane_array__struct.h
[5.697s] -- Installing: /home/hiroselab/HDT-ros1-bridge/custom_msgs/custom_msgs_ros2/install/autoware_msgs/include/autoware_msgs/autoware_msgs/msg/detail/dt_lane__struct.h
[5.697s] -- Installing: /home/hiroselab/HDT-ros1-bridge/custom_msgs/custom_msgs_ros2/install/autoware_msgs/include/autoware_msgs/autoware_msgs/msg/detail/lane_waypoints_array__functions.h
[5.697s] -- Installing: /home/hiroselab/HDT-ros1-bridge/custom_msgs/custom_msgs_ros2/install/autoware_msgs/include/autoware_msgs/autoware_msgs/msg/detail/lane_waypoints_array__functions.c
[5.697s] -- Installing: /home/hiroselab/HDT-ros1-bridge/custom_msgs/custom_msgs_ros2/install/autoware_msgs/include/autoware_msgs/autoware_msgs/msg/detail/lane__type_support.h
[5.697s] -- Installing: /home/hiroselab/HDT-ros1-bridge/custom_msgs/custom_msgs_ros2/install/autoware_msgs/include/autoware_msgs/autoware_msgs/msg/detail/lane_array__functions.c
[5.697s] -- Installing: /home/hiroselab/HDT-ros1-bridge/custom_msgs/custom_msgs_ros2/install/autoware_msgs/include/autoware_msgs/autoware_msgs/msg/detail/lane_array__functions.h
[5.697s] -- Installing: /home/hiroselab/HDT-ros1-bridge/custom_msgs/custom_msgs_ros2/install/autoware_msgs/include/autoware_msgs/autoware_msgs/msg/detail/lane_array__type_support.h
[5.697s] -- Installing: /home/hiroselab/HDT-ros1-bridge/custom_msgs/custom_msgs_ros2/install/autoware_msgs/include/autoware_msgs/autoware_msgs/msg/detail/waypoint__functions.h
[5.697s] -- Installing: /home/hiroselab/HDT-ros1-bridge/custom_msgs/custom_msgs_ros2/install/autoware_msgs/include/autoware_msgs/autoware_msgs/msg/detail/waypoint__type_support.h
[5.697s] -- Installing: /home/hiroselab/HDT-ros1-bridge/custom_msgs/custom_msgs_ros2/install/autoware_msgs/include/autoware_msgs/autoware_msgs/msg/detail/lane_waypoints_array__struct.h
[5.697s] -- Installing: /home/hiroselab/HDT-ros1-bridge/custom_msgs/custom_msgs_ros2/install/autoware_msgs/include/autoware_msgs/autoware_msgs/msg/detail/lane__functions.h
[5.698s] -- Installing: /home/hiroselab/HDT-ros1-bridge/custom_msgs/custom_msgs_ros2/install/autoware_msgs/include/autoware_msgs/autoware_msgs/msg/detail/waypoint_state__type_support.h
[5.698s] -- Installing: /home/hiroselab/HDT-ros1-bridge/custom_msgs/custom_msgs_ros2/install/autoware_msgs/include/autoware_msgs/autoware_msgs/msg/detail/dt_lane__type_support.h
[5.698s] -- Installing: /home/hiroselab/HDT-ros1-bridge/custom_msgs/custom_msgs_ros2/install/autoware_msgs/include/autoware_msgs/autoware_msgs/msg/dt_lane.h
[5.698s] -- Installing: /home/hiroselab/HDT-ros1-bridge/custom_msgs/custom_msgs_ros2/install/autoware_msgs/include/autoware_msgs/autoware_msgs/msg/waypoint_state.h
[5.698s] -- Installing: /home/hiroselab/HDT-ros1-bridge/custom_msgs/custom_msgs_ros2/install/autoware_msgs/include/autoware_msgs/autoware_msgs/msg/lane_waypoints_array.h
[5.698s] -- Installing: /home/hiroselab/HDT-ros1-bridge/custom_msgs/custom_msgs_ros2/install/autoware_msgs/share/autoware_msgs/environment/library_path.sh
[5.698s] -- Installing: /home/hiroselab/HDT-ros1-bridge/custom_msgs/custom_msgs_ros2/install/autoware_msgs/share/autoware_msgs/environment/library_path.dsv
[5.698s] -- Installing: /home/hiroselab/HDT-ros1-bridge/custom_msgs/custom_msgs_ros2/install/autoware_msgs/lib/libautoware_msgs__rosidl_generator_c.so
[5.698s] -- Set runtime path of "/home/hiroselab/HDT-ros1-bridge/custom_msgs/custom_msgs_ros2/install/autoware_msgs/lib/libautoware_msgs__rosidl_generator_c.so" to ""
[5.698s] -- Up-to-date: /home/hiroselab/HDT-ros1-bridge/custom_msgs/custom_msgs_ros2/install/autoware_msgs/include/autoware_msgs/autoware_msgs
[5.698s] -- Up-to-date: /home/hiroselab/HDT-ros1-bridge/custom_msgs/custom_msgs_ros2/install/autoware_msgs/include/autoware_msgs/autoware_msgs/msg
[5.698s] -- Installing: /home/hiroselab/HDT-ros1-bridge/custom_msgs/custom_msgs_ros2/install/autoware_msgs/include/autoware_msgs/autoware_msgs/msg/rosidl_typesupport_fastrtps_c__visibility_control.h
[5.698s] -- Up-to-date: /home/hiroselab/HDT-ros1-bridge/custom_msgs/custom_msgs_ros2/install/autoware_msgs/include/autoware_msgs/autoware_msgs/msg/detail
[5.698s] -- Installing: /home/hiroselab/HDT-ros1-bridge/custom_msgs/custom_msgs_ros2/install/autoware_msgs/include/autoware_msgs/autoware_msgs/msg/detail/lane_array__rosidl_typesupport_fastrtps_c.h
[5.698s] -- Installing: /home/hiroselab/HDT-ros1-bridge/custom_msgs/custom_msgs_ros2/install/autoware_msgs/include/autoware_msgs/autoware_msgs/msg/detail/waypoint__rosidl_typesupport_fastrtps_c.h
[5.698s] -- Installing: /home/hiroselab/HDT-ros1-bridge/custom_msgs/custom_msgs_ros2/install/autoware_msgs/include/autoware_msgs/autoware_msgs/msg/detail/waypoint_state__rosidl_typesupport_fastrtps_c.h
[5.698s] -- Installing: /home/hiroselab/HDT-ros1-bridge/custom_msgs/custom_msgs_ros2/install/autoware_msgs/include/autoware_msgs/autoware_msgs/msg/detail/lane_waypoints_array__rosidl_typesupport_fastrtps_c.h
[5.698s] -- Installing: /home/hiroselab/HDT-ros1-bridge/custom_msgs/custom_msgs_ros2/install/autoware_msgs/include/autoware_msgs/autoware_msgs/msg/detail/lane__rosidl_typesupport_fastrtps_c.h
[5.698s] -- Installing: /home/hiroselab/HDT-ros1-bridge/custom_msgs/custom_msgs_ros2/install/autoware_msgs/include/autoware_msgs/autoware_msgs/msg/detail/dt_lane__rosidl_typesupport_fastrtps_c.h
[5.698s] -- Installing: /home/hiroselab/HDT-ros1-bridge/custom_msgs/custom_msgs_ros2/install/autoware_msgs/lib/libautoware_msgs__rosidl_typesupport_fastrtps_c.so
[5.698s] -- Set runtime path of "/home/hiroselab/HDT-ros1-bridge/custom_msgs/custom_msgs_ros2/install/autoware_msgs/lib/libautoware_msgs__rosidl_typesupport_fastrtps_c.so" to ""
[5.698s] -- Up-to-date: /home/hiroselab/HDT-ros1-bridge/custom_msgs/custom_msgs_ros2/install/autoware_msgs/include/autoware_msgs/autoware_msgs
[5.698s] -- Up-to-date: /home/hiroselab/HDT-ros1-bridge/custom_msgs/custom_msgs_ros2/install/autoware_msgs/include/autoware_msgs/autoware_msgs/msg
[5.698s] -- Installing: /home/hiroselab/HDT-ros1-bridge/custom_msgs/custom_msgs_ros2/install/autoware_msgs/include/autoware_msgs/autoware_msgs/msg/lane_waypoints_array.hpp
[5.698s] -- Installing: /home/hiroselab/HDT-ros1-bridge/custom_msgs/custom_msgs_ros2/install/autoware_msgs/include/autoware_msgs/autoware_msgs/msg/waypoint.hpp
[5.698s] -- Installing: /home/hiroselab/HDT-ros1-bridge/custom_msgs/custom_msgs_ros2/install/autoware_msgs/include/autoware_msgs/autoware_msgs/msg/dt_lane.hpp
[5.698s] -- Installing: /home/hiroselab/HDT-ros1-bridge/custom_msgs/custom_msgs_ros2/install/autoware_msgs/include/autoware_msgs/autoware_msgs/msg/lane.hpp
[5.698s] -- Up-to-date: /home/hiroselab/HDT-ros1-bridge/custom_msgs/custom_msgs_ros2/install/autoware_msgs/include/autoware_msgs/autoware_msgs/msg/detail
[5.698s] -- Installing: /home/hiroselab/HDT-ros1-bridge/custom_msgs/custom_msgs_ros2/install/autoware_msgs/include/autoware_msgs/autoware_msgs/msg/detail/waypoint_state__builder.hpp
[5.698s] -- Installing: /home/hiroselab/HDT-ros1-bridge/custom_msgs/custom_msgs_ros2/install/autoware_msgs/include/autoware_msgs/autoware_msgs/msg/detail/waypoint__builder.hpp
[5.698s] -- Installing: /home/hiroselab/HDT-ros1-bridge/custom_msgs/custom_msgs_ros2/install/autoware_msgs/include/autoware_msgs/autoware_msgs/msg/detail/lane_waypoints_array__traits.hpp
[5.699s] -- Installing: /home/hiroselab/HDT-ros1-bridge/custom_msgs/custom_msgs_ros2/install/autoware_msgs/include/autoware_msgs/autoware_msgs/msg/detail/dt_lane__builder.hpp
[5.699s] -- Installing: /home/hiroselab/HDT-ros1-bridge/custom_msgs/custom_msgs_ros2/install/autoware_msgs/include/autoware_msgs/autoware_msgs/msg/detail/waypoint_state__struct.hpp
[5.699s] -- Installing: /home/hiroselab/HDT-ros1-bridge/custom_msgs/custom_msgs_ros2/install/autoware_msgs/include/autoware_msgs/autoware_msgs/msg/detail/lane_array__traits.hpp
[5.699s] -- Installing: /home/hiroselab/HDT-ros1-bridge/custom_msgs/custom_msgs_ros2/install/autoware_msgs/include/autoware_msgs/autoware_msgs/msg/detail/lane__struct.hpp
[5.699s] -- Installing: /home/hiroselab/HDT-ros1-bridge/custom_msgs/custom_msgs_ros2/install/autoware_msgs/include/autoware_msgs/autoware_msgs/msg/detail/lane_waypoints_array__builder.hpp
[5.699s] -- Installing: /home/hiroselab/HDT-ros1-bridge/custom_msgs/custom_msgs_ros2/install/autoware_msgs/include/autoware_msgs/autoware_msgs/msg/detail/lane__traits.hpp
[5.699s] -- Installing: /home/hiroselab/HDT-ros1-bridge/custom_msgs/custom_msgs_ros2/install/autoware_msgs/include/autoware_msgs/autoware_msgs/msg/detail/lane__builder.hpp
[5.699s] -- Installing: /home/hiroselab/HDT-ros1-bridge/custom_msgs/custom_msgs_ros2/install/autoware_msgs/include/autoware_msgs/autoware_msgs/msg/detail/waypoint__struct.hpp
[5.699s] -- Installing: /home/hiroselab/HDT-ros1-bridge/custom_msgs/custom_msgs_ros2/install/autoware_msgs/include/autoware_msgs/autoware_msgs/msg/detail/lane_array__struct.hpp
[5.699s] -- Installing: /home/hiroselab/HDT-ros1-bridge/custom_msgs/custom_msgs_ros2/install/autoware_msgs/include/autoware_msgs/autoware_msgs/msg/detail/dt_lane__traits.hpp
[5.699s] -- Installing: /home/hiroselab/HDT-ros1-bridge/custom_msgs/custom_msgs_ros2/install/autoware_msgs/include/autoware_msgs/autoware_msgs/msg/detail/lane_array__builder.hpp
[5.699s] -- Installing: /home/hiroselab/HDT-ros1-bridge/custom_msgs/custom_msgs_ros2/install/autoware_msgs/include/autoware_msgs/autoware_msgs/msg/detail/dt_lane__struct.hpp
[5.699s] -- Installing: /home/hiroselab/HDT-ros1-bridge/custom_msgs/custom_msgs_ros2/install/autoware_msgs/include/autoware_msgs/autoware_msgs/msg/detail/waypoint_state__traits.hpp
[5.699s] -- Installing: /home/hiroselab/HDT-ros1-bridge/custom_msgs/custom_msgs_ros2/install/autoware_msgs/include/autoware_msgs/autoware_msgs/msg/detail/waypoint__traits.hpp
[5.699s] -- Installing: /home/hiroselab/HDT-ros1-bridge/custom_msgs/custom_msgs_ros2/install/autoware_msgs/include/autoware_msgs/autoware_msgs/msg/detail/lane_waypoints_array__struct.hpp
[5.699s] -- Installing: /home/hiroselab/HDT-ros1-bridge/custom_msgs/custom_msgs_ros2/install/autoware_msgs/include/autoware_msgs/autoware_msgs/msg/waypoint_state.hpp
[5.699s] -- Installing: /home/hiroselab/HDT-ros1-bridge/custom_msgs/custom_msgs_ros2/install/autoware_msgs/include/autoware_msgs/autoware_msgs/msg/lane_array.hpp
[5.699s] -- Up-to-date: /home/hiroselab/HDT-ros1-bridge/custom_msgs/custom_msgs_ros2/install/autoware_msgs/include/autoware_msgs/autoware_msgs
[5.699s] -- Up-to-date: /home/hiroselab/HDT-ros1-bridge/custom_msgs/custom_msgs_ros2/install/autoware_msgs/include/autoware_msgs/autoware_msgs/msg
[5.699s] -- Installing: /home/hiroselab/HDT-ros1-bridge/custom_msgs/custom_msgs_ros2/install/autoware_msgs/include/autoware_msgs/autoware_msgs/msg/rosidl_typesupport_fastrtps_cpp__visibility_control.h
[5.699s] -- Up-to-date: /home/hiroselab/HDT-ros1-bridge/custom_msgs/custom_msgs_ros2/install/autoware_msgs/include/autoware_msgs/autoware_msgs/msg/detail
[5.699s] -- Installing: /home/hiroselab/HDT-ros1-bridge/custom_msgs/custom_msgs_ros2/install/autoware_msgs/include/autoware_msgs/autoware_msgs/msg/detail/dt_lane__rosidl_typesupport_fastrtps_cpp.hpp
[5.699s] -- Installing: /home/hiroselab/HDT-ros1-bridge/custom_msgs/custom_msgs_ros2/install/autoware_msgs/include/autoware_msgs/autoware_msgs/msg/detail/lane__rosidl_typesupport_fastrtps_cpp.hpp
[5.699s] -- Installing: /home/hiroselab/HDT-ros1-bridge/custom_msgs/custom_msgs_ros2/install/autoware_msgs/include/autoware_msgs/autoware_msgs/msg/detail/dds_fastrtps
[5.699s] -- Installing: /home/hiroselab/HDT-ros1-bridge/custom_msgs/custom_msgs_ros2/install/autoware_msgs/include/autoware_msgs/autoware_msgs/msg/detail/waypoint_state__rosidl_typesupport_fastrtps_cpp.hpp
[5.699s] -- Installing: /home/hiroselab/HDT-ros1-bridge/custom_msgs/custom_msgs_ros2/install/autoware_msgs/include/autoware_msgs/autoware_msgs/msg/detail/lane_waypoints_array__rosidl_typesupport_fastrtps_cpp.hpp
[5.699s] -- Installing: /home/hiroselab/HDT-ros1-bridge/custom_msgs/custom_msgs_ros2/install/autoware_msgs/include/autoware_msgs/autoware_msgs/msg/detail/waypoint__rosidl_typesupport_fastrtps_cpp.hpp
[5.699s] -- Installing: /home/hiroselab/HDT-ros1-bridge/custom_msgs/custom_msgs_ros2/install/autoware_msgs/include/autoware_msgs/autoware_msgs/msg/detail/lane_array__rosidl_typesupport_fastrtps_cpp.hpp
[5.699s] -- Installing: /home/hiroselab/HDT-ros1-bridge/custom_msgs/custom_msgs_ros2/install/autoware_msgs/lib/libautoware_msgs__rosidl_typesupport_fastrtps_cpp.so
[5.699s] -- Set runtime path of "/home/hiroselab/HDT-ros1-bridge/custom_msgs/custom_msgs_ros2/install/autoware_msgs/lib/libautoware_msgs__rosidl_typesupport_fastrtps_cpp.so" to ""
[5.700s] -- Up-to-date: /home/hiroselab/HDT-ros1-bridge/custom_msgs/custom_msgs_ros2/install/autoware_msgs/include/autoware_msgs/autoware_msgs
[5.700s] -- Up-to-date: /home/hiroselab/HDT-ros1-bridge/custom_msgs/custom_msgs_ros2/install/autoware_msgs/include/autoware_msgs/autoware_msgs/msg
[5.700s] -- Up-to-date: /home/hiroselab/HDT-ros1-bridge/custom_msgs/custom_msgs_ros2/install/autoware_msgs/include/autoware_msgs/autoware_msgs/msg/detail
[5.700s] -- Installing: /home/hiroselab/HDT-ros1-bridge/custom_msgs/custom_msgs_ros2/install/autoware_msgs/include/autoware_msgs/autoware_msgs/msg/detail/waypoint__type_support.c
[5.700s] -- Installing: /home/hiroselab/HDT-ros1-bridge/custom_msgs/custom_msgs_ros2/install/autoware_msgs/include/autoware_msgs/autoware_msgs/msg/detail/waypoint_state__type_support.c
[5.700s] -- Installing: /home/hiroselab/HDT-ros1-bridge/custom_msgs/custom_msgs_ros2/install/autoware_msgs/include/autoware_msgs/autoware_msgs/msg/detail/dt_lane__rosidl_typesupport_introspection_c.h
[5.700s] -- Installing: /home/hiroselab/HDT-ros1-bridge/custom_msgs/custom_msgs_ros2/install/autoware_msgs/include/autoware_msgs/autoware_msgs/msg/detail/dt_lane__type_support.c
[5.700s] -- Installing: /home/hiroselab/HDT-ros1-bridge/custom_msgs/custom_msgs_ros2/install/autoware_msgs/include/autoware_msgs/autoware_msgs/msg/detail/lane__rosidl_typesupport_introspection_c.h
[5.700s] -- Installing: /home/hiroselab/HDT-ros1-bridge/custom_msgs/custom_msgs_ros2/install/autoware_msgs/include/autoware_msgs/autoware_msgs/msg/detail/lane_array__type_support.c
[5.700s] -- Installing: /home/hiroselab/HDT-ros1-bridge/custom_msgs/custom_msgs_ros2/install/autoware_msgs/include/autoware_msgs/autoware_msgs/msg/detail/lane_waypoints_array__rosidl_typesupport_introspection_c.h
[5.700s] -- Installing: /home/hiroselab/HDT-ros1-bridge/custom_msgs/custom_msgs_ros2/install/autoware_msgs/include/autoware_msgs/autoware_msgs/msg/detail/lane_waypoints_array__type_support.c
[5.700s] -- Installing: /home/hiroselab/HDT-ros1-bridge/custom_msgs/custom_msgs_ros2/install/autoware_msgs/include/autoware_msgs/autoware_msgs/msg/detail/waypoint__rosidl_typesupport_introspection_c.h
[5.700s] -- Installing: /home/hiroselab/HDT-ros1-bridge/custom_msgs/custom_msgs_ros2/install/autoware_msgs/include/autoware_msgs/autoware_msgs/msg/detail/waypoint_state__rosidl_typesupport_introspection_c.h
[5.700s] -- Installing: /home/hiroselab/HDT-ros1-bridge/custom_msgs/custom_msgs_ros2/install/autoware_msgs/include/autoware_msgs/autoware_msgs/msg/detail/lane__type_support.c
[5.700s] -- Installing: /home/hiroselab/HDT-ros1-bridge/custom_msgs/custom_msgs_ros2/install/autoware_msgs/include/autoware_msgs/autoware_msgs/msg/detail/lane_array__rosidl_typesupport_introspection_c.h
[5.700s] -- Installing: /home/hiroselab/HDT-ros1-bridge/custom_msgs/custom_msgs_ros2/install/autoware_msgs/include/autoware_msgs/autoware_msgs/msg/rosidl_typesupport_introspection_c__visibility_control.h
[5.700s] -- Installing: /home/hiroselab/HDT-ros1-bridge/custom_msgs/custom_msgs_ros2/install/autoware_msgs/lib/libautoware_msgs__rosidl_typesupport_introspection_c.so
[5.700s] -- Set runtime path of "/home/hiroselab/HDT-ros1-bridge/custom_msgs/custom_msgs_ros2/install/autoware_msgs/lib/libautoware_msgs__rosidl_typesupport_introspection_c.so" to ""
[5.700s] -- Installing: /home/hiroselab/HDT-ros1-bridge/custom_msgs/custom_msgs_ros2/install/autoware_msgs/lib/libautoware_msgs__rosidl_typesupport_c.so
[5.700s] -- Set runtime path of "/home/hiroselab/HDT-ros1-bridge/custom_msgs/custom_msgs_ros2/install/autoware_msgs/lib/libautoware_msgs__rosidl_typesupport_c.so" to ""
[5.700s] -- Up-to-date: /home/hiroselab/HDT-ros1-bridge/custom_msgs/custom_msgs_ros2/install/autoware_msgs/include/autoware_msgs/autoware_msgs
[5.700s] -- Up-to-date: /home/hiroselab/HDT-ros1-bridge/custom_msgs/custom_msgs_ros2/install/autoware_msgs/include/autoware_msgs/autoware_msgs/msg
[5.700s] -- Up-to-date: /home/hiroselab/HDT-ros1-bridge/custom_msgs/custom_msgs_ros2/install/autoware_msgs/include/autoware_msgs/autoware_msgs/msg/detail
[5.700s] -- Installing: /home/hiroselab/HDT-ros1-bridge/custom_msgs/custom_msgs_ros2/install/autoware_msgs/include/autoware_msgs/autoware_msgs/msg/detail/lane_array__type_support.cpp
[5.700s] -- Installing: /home/hiroselab/HDT-ros1-bridge/custom_msgs/custom_msgs_ros2/install/autoware_msgs/include/autoware_msgs/autoware_msgs/msg/detail/waypoint__rosidl_typesupport_introspection_cpp.hpp
[5.700s] -- Installing: /home/hiroselab/HDT-ros1-bridge/custom_msgs/custom_msgs_ros2/install/autoware_msgs/include/autoware_msgs/autoware_msgs/msg/detail/waypoint_state__type_support.cpp
[5.700s] -- Installing: /home/hiroselab/HDT-ros1-bridge/custom_msgs/custom_msgs_ros2/install/autoware_msgs/include/autoware_msgs/autoware_msgs/msg/detail/dt_lane__type_support.cpp
[5.701s] -- Installing: /home/hiroselab/HDT-ros1-bridge/custom_msgs/custom_msgs_ros2/install/autoware_msgs/include/autoware_msgs/autoware_msgs/msg/detail/waypoint__type_support.cpp
[5.701s] -- Installing: /home/hiroselab/HDT-ros1-bridge/custom_msgs/custom_msgs_ros2/install/autoware_msgs/include/autoware_msgs/autoware_msgs/msg/detail/lane_waypoints_array__type_support.cpp
[5.701s] -- Installing: /home/hiroselab/HDT-ros1-bridge/custom_msgs/custom_msgs_ros2/install/autoware_msgs/include/autoware_msgs/autoware_msgs/msg/detail/lane__type_support.cpp
[5.701s] -- Installing: /home/hiroselab/HDT-ros1-bridge/custom_msgs/custom_msgs_ros2/install/autoware_msgs/include/autoware_msgs/autoware_msgs/msg/detail/waypoint_state__rosidl_typesupport_introspection_cpp.hpp
[5.701s] -- Installing: /home/hiroselab/HDT-ros1-bridge/custom_msgs/custom_msgs_ros2/install/autoware_msgs/include/autoware_msgs/autoware_msgs/msg/detail/lane_waypoints_array__rosidl_typesupport_introspection_cpp.hpp
[5.701s] -- Installing: /home/hiroselab/HDT-ros1-bridge/custom_msgs/custom_msgs_ros2/install/autoware_msgs/include/autoware_msgs/autoware_msgs/msg/detail/lane_array__rosidl_typesupport_introspection_cpp.hpp
[5.701s] -- Installing: /home/hiroselab/HDT-ros1-bridge/custom_msgs/custom_msgs_ros2/install/autoware_msgs/include/autoware_msgs/autoware_msgs/msg/detail/lane__rosidl_typesupport_introspection_cpp.hpp
[5.701s] -- Installing: /home/hiroselab/HDT-ros1-bridge/custom_msgs/custom_msgs_ros2/install/autoware_msgs/include/autoware_msgs/autoware_msgs/msg/detail/dt_lane__rosidl_typesupport_introspection_cpp.hpp
[5.701s] -- Installing: /home/hiroselab/HDT-ros1-bridge/custom_msgs/custom_msgs_ros2/install/autoware_msgs/lib/libautoware_msgs__rosidl_typesupport_introspection_cpp.so
[5.701s] -- Set runtime path of "/home/hiroselab/HDT-ros1-bridge/custom_msgs/custom_msgs_ros2/install/autoware_msgs/lib/libautoware_msgs__rosidl_typesupport_introspection_cpp.so" to ""
[5.701s] -- Installing: /home/hiroselab/HDT-ros1-bridge/custom_msgs/custom_msgs_ros2/install/autoware_msgs/lib/libautoware_msgs__rosidl_typesupport_cpp.so
[5.701s] -- Set runtime path of "/home/hiroselab/HDT-ros1-bridge/custom_msgs/custom_msgs_ros2/install/autoware_msgs/lib/libautoware_msgs__rosidl_typesupport_cpp.so" to ""
[5.701s] -- Installing: /home/hiroselab/HDT-ros1-bridge/custom_msgs/custom_msgs_ros2/install/autoware_msgs/share/autoware_msgs/environment/pythonpath.sh
[5.701s] -- Installing: /home/hiroselab/HDT-ros1-bridge/custom_msgs/custom_msgs_ros2/install/autoware_msgs/share/autoware_msgs/environment/pythonpath.dsv
[5.701s] -- Installing: /home/hiroselab/HDT-ros1-bridge/custom_msgs/custom_msgs_ros2/install/autoware_msgs/local/lib/python3.10/dist-packages/autoware_msgs-0.0.1-py3.10.egg-info
[5.701s] -- Installing: /home/hiroselab/HDT-ros1-bridge/custom_msgs/custom_msgs_ros2/install/autoware_msgs/local/lib/python3.10/dist-packages/autoware_msgs-0.0.1-py3.10.egg-info/PKG-INFO
[5.701s] -- Installing: /home/hiroselab/HDT-ros1-bridge/custom_msgs/custom_msgs_ros2/install/autoware_msgs/local/lib/python3.10/dist-packages/autoware_msgs-0.0.1-py3.10.egg-info/top_level.txt
[5.701s] -- Installing: /home/hiroselab/HDT-ros1-bridge/custom_msgs/custom_msgs_ros2/install/autoware_msgs/local/lib/python3.10/dist-packages/autoware_msgs-0.0.1-py3.10.egg-info/dependency_links.txt
[5.701s] -- Installing: /home/hiroselab/HDT-ros1-bridge/custom_msgs/custom_msgs_ros2/install/autoware_msgs/local/lib/python3.10/dist-packages/autoware_msgs-0.0.1-py3.10.egg-info/SOURCES.txt
[5.701s] -- Installing: /home/hiroselab/HDT-ros1-bridge/custom_msgs/custom_msgs_ros2/install/autoware_msgs/local/lib/python3.10/dist-packages/autoware_msgs
[5.701s] -- Installing: /home/hiroselab/HDT-ros1-bridge/custom_msgs/custom_msgs_ros2/install/autoware_msgs/local/lib/python3.10/dist-packages/autoware_msgs/autoware_msgs_s__rosidl_typesupport_c.cpython-310-x86_64-linux-gnu.so
[5.701s] -- Installing: /home/hiroselab/HDT-ros1-bridge/custom_msgs/custom_msgs_ros2/install/autoware_msgs/local/lib/python3.10/dist-packages/autoware_msgs/libautoware_msgs__rosidl_generator_py.so
[5.701s] -- Installing: /home/hiroselab/HDT-ros1-bridge/custom_msgs/custom_msgs_ros2/install/autoware_msgs/local/lib/python3.10/dist-packages/autoware_msgs/__init__.py
[5.702s] -- Installing: /home/hiroselab/HDT-ros1-bridge/custom_msgs/custom_msgs_ros2/install/autoware_msgs/local/lib/python3.10/dist-packages/autoware_msgs/autoware_msgs_s__rosidl_typesupport_fastrtps_c.cpython-310-x86_64-linux-gnu.so
[5.702s] -- Installing: /home/hiroselab/HDT-ros1-bridge/custom_msgs/custom_msgs_ros2/install/autoware_msgs/local/lib/python3.10/dist-packages/autoware_msgs/autoware_msgs_s__rosidl_typesupport_introspection_c.cpython-310-x86_64-linux-gnu.so
[5.702s] -- Installing: /home/hiroselab/HDT-ros1-bridge/custom_msgs/custom_msgs_ros2/install/autoware_msgs/local/lib/python3.10/dist-packages/autoware_msgs/msg
[5.702s] -- Installing: /home/hiroselab/HDT-ros1-bridge/custom_msgs/custom_msgs_ros2/install/autoware_msgs/local/lib/python3.10/dist-packages/autoware_msgs/msg/_lane.py
[5.702s] -- Installing: /home/hiroselab/HDT-ros1-bridge/custom_msgs/custom_msgs_ros2/install/autoware_msgs/local/lib/python3.10/dist-packages/autoware_msgs/msg/__init__.py
[5.702s] -- Installing: /home/hiroselab/HDT-ros1-bridge/custom_msgs/custom_msgs_ros2/install/autoware_msgs/local/lib/python3.10/dist-packages/autoware_msgs/msg/_waypoint.py
[5.702s] -- Installing: /home/hiroselab/HDT-ros1-bridge/custom_msgs/custom_msgs_ros2/install/autoware_msgs/local/lib/python3.10/dist-packages/autoware_msgs/msg/_waypoint_state.py
[5.702s] -- Installing: /home/hiroselab/HDT-ros1-bridge/custom_msgs/custom_msgs_ros2/install/autoware_msgs/local/lib/python3.10/dist-packages/autoware_msgs/msg/_lane_waypoints_array.py
[5.702s] -- Installing: /home/hiroselab/HDT-ros1-bridge/custom_msgs/custom_msgs_ros2/install/autoware_msgs/local/lib/python3.10/dist-packages/autoware_msgs/msg/_waypoint_state_s.c
[5.702s] -- Installing: /home/hiroselab/HDT-ros1-bridge/custom_msgs/custom_msgs_ros2/install/autoware_msgs/local/lib/python3.10/dist-packages/autoware_msgs/msg/_lane_s.c
[5.702s] -- Installing: /home/hiroselab/HDT-ros1-bridge/custom_msgs/custom_msgs_ros2/install/autoware_msgs/local/lib/python3.10/dist-packages/autoware_msgs/msg/_lane_waypoints_array_s.c
[5.702s] -- Installing: /home/hiroselab/HDT-ros1-bridge/custom_msgs/custom_msgs_ros2/install/autoware_msgs/local/lib/python3.10/dist-packages/autoware_msgs/msg/_lane_array_s.c
[5.702s] -- Installing: /home/hiroselab/HDT-ros1-bridge/custom_msgs/custom_msgs_ros2/install/autoware_msgs/local/lib/python3.10/dist-packages/autoware_msgs/msg/_dt_lane_s.c
[5.702s] -- Installing: /home/hiroselab/HDT-ros1-bridge/custom_msgs/custom_msgs_ros2/install/autoware_msgs/local/lib/python3.10/dist-packages/autoware_msgs/msg/_lane_array.py
[5.702s] -- Installing: /home/hiroselab/HDT-ros1-bridge/custom_msgs/custom_msgs_ros2/install/autoware_msgs/local/lib/python3.10/dist-packages/autoware_msgs/msg/_dt_lane.py
[5.702s] -- Installing: /home/hiroselab/HDT-ros1-bridge/custom_msgs/custom_msgs_ros2/install/autoware_msgs/local/lib/python3.10/dist-packages/autoware_msgs/msg/_waypoint_s.c
[5.702s] -- Installing: /home/hiroselab/HDT-ros1-bridge/custom_msgs/custom_msgs_ros2/install/autoware_msgs/local/lib/python3.10/dist-packages/autoware_msgs/_autoware_msgs_s.ep.rosidl_typesupport_c.c
[5.702s] -- Installing: /home/hiroselab/HDT-ros1-bridge/custom_msgs/custom_msgs_ros2/install/autoware_msgs/local/lib/python3.10/dist-packages/autoware_msgs/_autoware_msgs_s.ep.rosidl_typesupport_fastrtps_c.c
[5.702s] -- Installing: /home/hiroselab/HDT-ros1-bridge/custom_msgs/custom_msgs_ros2/install/autoware_msgs/local/lib/python3.10/dist-packages/autoware_msgs/_autoware_msgs_s.ep.rosidl_typesupport_introspection_c.c
[5.776s] Listing '/home/hiroselab/HDT-ros1-bridge/custom_msgs/custom_msgs_ros2/install/autoware_msgs/local/lib/python3.10/dist-packages/autoware_msgs'...
[5.776s] Compiling '/home/hiroselab/HDT-ros1-bridge/custom_msgs/custom_msgs_ros2/install/autoware_msgs/local/lib/python3.10/dist-packages/autoware_msgs/__init__.py'...
[5.776s] Listing '/home/hiroselab/HDT-ros1-bridge/custom_msgs/custom_msgs_ros2/install/autoware_msgs/local/lib/python3.10/dist-packages/autoware_msgs/msg'...
[5.776s] Compiling '/home/hiroselab/HDT-ros1-bridge/custom_msgs/custom_msgs_ros2/install/autoware_msgs/local/lib/python3.10/dist-packages/autoware_msgs/msg/__init__.py'...
[5.776s] Compiling '/home/hiroselab/HDT-ros1-bridge/custom_msgs/custom_msgs_ros2/install/autoware_msgs/local/lib/python3.10/dist-packages/autoware_msgs/msg/_dt_lane.py'...
[5.776s] Compiling '/home/hiroselab/HDT-ros1-bridge/custom_msgs/custom_msgs_ros2/install/autoware_msgs/local/lib/python3.10/dist-packages/autoware_msgs/msg/_lane.py'...
[5.776s] Compiling '/home/hiroselab/HDT-ros1-bridge/custom_msgs/custom_msgs_ros2/install/autoware_msgs/local/lib/python3.10/dist-packages/autoware_msgs/msg/_lane_array.py'...
[5.776s] Compiling '/home/hiroselab/HDT-ros1-bridge/custom_msgs/custom_msgs_ros2/install/autoware_msgs/local/lib/python3.10/dist-packages/autoware_msgs/msg/_lane_waypoints_array.py'...
[5.776s] Compiling '/home/hiroselab/HDT-ros1-bridge/custom_msgs/custom_msgs_ros2/install/autoware_msgs/local/lib/python3.10/dist-packages/autoware_msgs/msg/_waypoint.py'...
[5.776s] Compiling '/home/hiroselab/HDT-ros1-bridge/custom_msgs/custom_msgs_ros2/install/autoware_msgs/local/lib/python3.10/dist-packages/autoware_msgs/msg/_waypoint_state.py'...
[5.779s] -- Installing: /home/hiroselab/HDT-ros1-bridge/custom_msgs/custom_msgs_ros2/install/autoware_msgs/local/lib/python3.10/dist-packages/autoware_msgs/autoware_msgs_s__rosidl_typesupport_fastrtps_c.cpython-310-x86_64-linux-gnu.so
[5.779s] -- Set runtime path of "/home/hiroselab/HDT-ros1-bridge/custom_msgs/custom_msgs_ros2/install/autoware_msgs/local/lib/python3.10/dist-packages/autoware_msgs/autoware_msgs_s__rosidl_typesupport_fastrtps_c.cpython-310-x86_64-linux-gnu.so" to ""
[5.779s] -- Installing: /home/hiroselab/HDT-ros1-bridge/custom_msgs/custom_msgs_ros2/install/autoware_msgs/local/lib/python3.10/dist-packages/autoware_msgs/autoware_msgs_s__rosidl_typesupport_introspection_c.cpython-310-x86_64-linux-gnu.so
[5.779s] -- Set runtime path of "/home/hiroselab/HDT-ros1-bridge/custom_msgs/custom_msgs_ros2/install/autoware_msgs/local/lib/python3.10/dist-packages/autoware_msgs/autoware_msgs_s__rosidl_typesupport_introspection_c.cpython-310-x86_64-linux-gnu.so" to ""
[5.779s] -- Installing: /home/hiroselab/HDT-ros1-bridge/custom_msgs/custom_msgs_ros2/install/autoware_msgs/local/lib/python3.10/dist-packages/autoware_msgs/autoware_msgs_s__rosidl_typesupport_c.cpython-310-x86_64-linux-gnu.so
[5.779s] -- Set runtime path of "/home/hiroselab/HDT-ros1-bridge/custom_msgs/custom_msgs_ros2/install/autoware_msgs/local/lib/python3.10/dist-packages/autoware_msgs/autoware_msgs_s__rosidl_typesupport_c.cpython-310-x86_64-linux-gnu.so" to ""
[5.779s] -- Installing: /home/hiroselab/HDT-ros1-bridge/custom_msgs/custom_msgs_ros2/install/autoware_msgs/lib/libautoware_msgs__rosidl_generator_py.so
[5.779s] -- Set runtime path of "/home/hiroselab/HDT-ros1-bridge/custom_msgs/custom_msgs_ros2/install/autoware_msgs/lib/libautoware_msgs__rosidl_generator_py.so" to ""
[5.779s] -- Installing: /home/hiroselab/HDT-ros1-bridge/custom_msgs/custom_msgs_ros2/install/autoware_msgs/share/autoware_msgs/msg/DTLane.idl
[5.779s] -- Installing: /home/hiroselab/HDT-ros1-bridge/custom_msgs/custom_msgs_ros2/install/autoware_msgs/share/autoware_msgs/msg/WaypointState.idl
[5.779s] -- Installing: /home/hiroselab/HDT-ros1-bridge/custom_msgs/custom_msgs_ros2/install/autoware_msgs/share/autoware_msgs/msg/LaneWaypointsArray.idl
[5.779s] -- Installing: /home/hiroselab/HDT-ros1-bridge/custom_msgs/custom_msgs_ros2/install/autoware_msgs/share/autoware_msgs/msg/Waypoint.idl
[5.779s] -- Installing: /home/hiroselab/HDT-ros1-bridge/custom_msgs/custom_msgs_ros2/install/autoware_msgs/share/autoware_msgs/msg/Lane.idl
[5.779s] -- Installing: /home/hiroselab/HDT-ros1-bridge/custom_msgs/custom_msgs_ros2/install/autoware_msgs/share/autoware_msgs/msg/LaneArray.idl
[5.780s] -- Installing: /home/hiroselab/HDT-ros1-bridge/custom_msgs/custom_msgs_ros2/install/autoware_msgs/share/autoware_msgs/msg/DTLane.msg
[5.780s] -- Installing: /home/hiroselab/HDT-ros1-bridge/custom_msgs/custom_msgs_ros2/install/autoware_msgs/share/autoware_msgs/msg/WaypointState.msg
[5.780s] -- Installing: /home/hiroselab/HDT-ros1-bridge/custom_msgs/custom_msgs_ros2/install/autoware_msgs/share/autoware_msgs/msg/LaneWaypointsArray.msg
[5.780s] -- Installing: /home/hiroselab/HDT-ros1-bridge/custom_msgs/custom_msgs_ros2/install/autoware_msgs/share/autoware_msgs/msg/Waypoint.msg
[5.780s] -- Installing: /home/hiroselab/HDT-ros1-bridge/custom_msgs/custom_msgs_ros2/install/autoware_msgs/share/autoware_msgs/msg/Lane.msg
[5.780s] -- Installing: /home/hiroselab/HDT-ros1-bridge/custom_msgs/custom_msgs_ros2/install/autoware_msgs/share/autoware_msgs/msg/LaneArray.msg
[5.780s] -- Installing: /home/hiroselab/HDT-ros1-bridge/custom_msgs/custom_msgs_ros2/install/autoware_msgs/share/ament_index/resource_index/package_run_dependencies/autoware_msgs
[5.780s] -- Installing: /home/hiroselab/HDT-ros1-bridge/custom_msgs/custom_msgs_ros2/install/autoware_msgs/share/ament_index/resource_index/parent_prefix_path/autoware_msgs
[5.780s] -- Installing: /home/hiroselab/HDT-ros1-bridge/custom_msgs/custom_msgs_ros2/install/autoware_msgs/share/autoware_msgs/environment/ament_prefix_path.sh
[5.780s] -- Installing: /home/hiroselab/HDT-ros1-bridge/custom_msgs/custom_msgs_ros2/install/autoware_msgs/share/autoware_msgs/environment/ament_prefix_path.dsv
[5.780s] -- Installing: /home/hiroselab/HDT-ros1-bridge/custom_msgs/custom_msgs_ros2/install/autoware_msgs/share/autoware_msgs/environment/path.sh
[5.780s] -- Installing: /home/hiroselab/HDT-ros1-bridge/custom_msgs/custom_msgs_ros2/install/autoware_msgs/share/autoware_msgs/environment/path.dsv
[5.780s] -- Installing: /home/hiroselab/HDT-ros1-bridge/custom_msgs/custom_msgs_ros2/install/autoware_msgs/share/autoware_msgs/local_setup.bash
[5.780s] -- Installing: /home/hiroselab/HDT-ros1-bridge/custom_msgs/custom_msgs_ros2/install/autoware_msgs/share/autoware_msgs/local_setup.sh
[5.780s] -- Installing: /home/hiroselab/HDT-ros1-bridge/custom_msgs/custom_msgs_ros2/install/autoware_msgs/share/autoware_msgs/local_setup.zsh
[5.780s] -- Installing: /home/hiroselab/HDT-ros1-bridge/custom_msgs/custom_msgs_ros2/install/autoware_msgs/share/autoware_msgs/local_setup.dsv
[5.780s] -- Installing: /home/hiroselab/HDT-ros1-bridge/custom_msgs/custom_msgs_ros2/install/autoware_msgs/share/autoware_msgs/package.dsv
[5.780s] -- Installing: /home/hiroselab/HDT-ros1-bridge/custom_msgs/custom_msgs_ros2/install/autoware_msgs/share/ament_index/resource_index/packages/autoware_msgs
[5.780s] -- Installing: /home/hiroselab/HDT-ros1-bridge/custom_msgs/custom_msgs_ros2/install/autoware_msgs/share/autoware_msgs/cmake/export_autoware_msgs__rosidl_generator_cExport.cmake
[5.780s] -- Installing: /home/hiroselab/HDT-ros1-bridge/custom_msgs/custom_msgs_ros2/install/autoware_msgs/share/autoware_msgs/cmake/export_autoware_msgs__rosidl_generator_cExport-noconfig.cmake
[5.780s] -- Installing: /home/hiroselab/HDT-ros1-bridge/custom_msgs/custom_msgs_ros2/install/autoware_msgs/share/autoware_msgs/cmake/export_autoware_msgs__rosidl_typesupport_fastrtps_cExport.cmake
[5.780s] -- Installing: /home/hiroselab/HDT-ros1-bridge/custom_msgs/custom_msgs_ros2/install/autoware_msgs/share/autoware_msgs/cmake/export_autoware_msgs__rosidl_typesupport_fastrtps_cExport-noconfig.cmake
[5.780s] -- Installing: /home/hiroselab/HDT-ros1-bridge/custom_msgs/custom_msgs_ros2/install/autoware_msgs/share/autoware_msgs/cmake/export_autoware_msgs__rosidl_generator_cppExport.cmake
[5.780s] -- Installing: /home/hiroselab/HDT-ros1-bridge/custom_msgs/custom_msgs_ros2/install/autoware_msgs/share/autoware_msgs/cmake/export_autoware_msgs__rosidl_typesupport_fastrtps_cppExport.cmake
[5.780s] -- Installing: /home/hiroselab/HDT-ros1-bridge/custom_msgs/custom_msgs_ros2/install/autoware_msgs/share/autoware_msgs/cmake/export_autoware_msgs__rosidl_typesupport_fastrtps_cppExport-noconfig.cmake
[5.780s] -- Installing: /home/hiroselab/HDT-ros1-bridge/custom_msgs/custom_msgs_ros2/install/autoware_msgs/share/autoware_msgs/cmake/autoware_msgs__rosidl_typesupport_introspection_cExport.cmake
[5.780s] -- Installing: /home/hiroselab/HDT-ros1-bridge/custom_msgs/custom_msgs_ros2/install/autoware_msgs/share/autoware_msgs/cmake/autoware_msgs__rosidl_typesupport_introspection_cExport-noconfig.cmake
[5.780s] -- Installing: /home/hiroselab/HDT-ros1-bridge/custom_msgs/custom_msgs_ros2/install/autoware_msgs/share/autoware_msgs/cmake/autoware_msgs__rosidl_typesupport_cExport.cmake
[5.780s] -- Installing: /home/hiroselab/HDT-ros1-bridge/custom_msgs/custom_msgs_ros2/install/autoware_msgs/share/autoware_msgs/cmake/autoware_msgs__rosidl_typesupport_cExport-noconfig.cmake
[5.780s] -- Installing: /home/hiroselab/HDT-ros1-bridge/custom_msgs/custom_msgs_ros2/install/autoware_msgs/share/autoware_msgs/cmake/autoware_msgs__rosidl_typesupport_introspection_cppExport.cmake
[5.781s] -- Installing: /home/hiroselab/HDT-ros1-bridge/custom_msgs/custom_msgs_ros2/install/autoware_msgs/share/autoware_msgs/cmake/autoware_msgs__rosidl_typesupport_introspection_cppExport-noconfig.cmake
[5.781s] -- Installing: /home/hiroselab/HDT-ros1-bridge/custom_msgs/custom_msgs_ros2/install/autoware_msgs/share/autoware_msgs/cmake/autoware_msgs__rosidl_typesupport_cppExport.cmake
[5.781s] -- Installing: /home/hiroselab/HDT-ros1-bridge/custom_msgs/custom_msgs_ros2/install/autoware_msgs/share/autoware_msgs/cmake/autoware_msgs__rosidl_typesupport_cppExport-noconfig.cmake
[5.781s] -- Installing: /home/hiroselab/HDT-ros1-bridge/custom_msgs/custom_msgs_ros2/install/autoware_msgs/share/autoware_msgs/cmake/export_autoware_msgs__rosidl_generator_pyExport.cmake
[5.781s] -- Installing: /home/hiroselab/HDT-ros1-bridge/custom_msgs/custom_msgs_ros2/install/autoware_msgs/share/autoware_msgs/cmake/export_autoware_msgs__rosidl_generator_pyExport-noconfig.cmake
[5.781s] -- Installing: /home/hiroselab/HDT-ros1-bridge/custom_msgs/custom_msgs_ros2/install/autoware_msgs/share/autoware_msgs/cmake/rosidl_cmake-extras.cmake
[5.781s] -- Installing: /home/hiroselab/HDT-ros1-bridge/custom_msgs/custom_msgs_ros2/install/autoware_msgs/share/autoware_msgs/cmake/ament_cmake_export_dependencies-extras.cmake
[5.781s] -- Installing: /home/hiroselab/HDT-ros1-bridge/custom_msgs/custom_msgs_ros2/install/autoware_msgs/share/autoware_msgs/cmake/ament_cmake_export_include_directories-extras.cmake
[5.781s] -- Installing: /home/hiroselab/HDT-ros1-bridge/custom_msgs/custom_msgs_ros2/install/autoware_msgs/share/autoware_msgs/cmake/ament_cmake_export_libraries-extras.cmake
[5.781s] -- Installing: /home/hiroselab/HDT-ros1-bridge/custom_msgs/custom_msgs_ros2/install/autoware_msgs/share/autoware_msgs/cmake/ament_cmake_export_targets-extras.cmake
[5.781s] -- Installing: /home/hiroselab/HDT-ros1-bridge/custom_msgs/custom_msgs_ros2/install/autoware_msgs/share/autoware_msgs/cmake/rosidl_cmake_export_typesupport_targets-extras.cmake
[5.781s] -- Installing: /home/hiroselab/HDT-ros1-bridge/custom_msgs/custom_msgs_ros2/install/autoware_msgs/share/autoware_msgs/cmake/rosidl_cmake_export_typesupport_libraries-extras.cmake
[5.781s] -- Installing: /home/hiroselab/HDT-ros1-bridge/custom_msgs/custom_msgs_ros2/install/autoware_msgs/share/autoware_msgs/cmake/autoware_msgsConfig.cmake
[5.781s] -- Installing: /home/hiroselab/HDT-ros1-bridge/custom_msgs/custom_msgs_ros2/install/autoware_msgs/share/autoware_msgs/cmake/autoware_msgsConfig-version.cmake
[5.781s] -- Installing: /home/hiroselab/HDT-ros1-bridge/custom_msgs/custom_msgs_ros2/install/autoware_msgs/share/autoware_msgs/package.xml
[5.782s] Invoked command in '/home/hiroselab/HDT-ros1-bridge/custom_msgs/custom_msgs_ros2/build/autoware_msgs' returned '0': CMAKE_PREFIX_PATH=${CMAKE_PREFIX_PATH}:/home/hiroselab/study_ws/install/pointcloud_package:/opt/ros/humble:/home/hiroselab/ros2_humble/install/rqt_bag_plugins:/home/hiroselab/ros2_humble/install/rqt_bag:/home/hiroselab/ros2_humble/install/ros2bag:/home/hiroselab/ros2_humble/install/tracetools_test:/home/hiroselab/ros2_humble/install/tracetools_launch:/home/hiroselab/ros2_humble/install/topic_monitor:/home/hiroselab/ros2_humble/install/tf2_tools:/home/hiroselab/ros2_humble/install/examples_tf2_py:/home/hiroselab/ros2_humble/install/tf2_ros_py:/home/hiroselab/ros2_humble/install/sros2:/home/hiroselab/ros2_humble/install/rqt_topic:/home/hiroselab/ros2_humble/install/rqt_srv:/home/hiroselab/ros2_humble/install/rqt_shell:/home/hiroselab/ros2_humble/install/rqt_service_caller:/home/hiroselab/ros2_humble/install/rqt_reconfigure:/home/hiroselab/ros2_humble/install/rqt_py_console:/home/hiroselab/ros2_humble/install/rqt_publisher:/home/hiroselab/ros2_humble/install/rqt_plot:/home/hiroselab/ros2_humble/install/rqt_action:/home/hiroselab/ros2_humble/install/rqt_msg:/home/hiroselab/ros2_humble/install/rqt_console:/home/hiroselab/ros2_humble/install/rqt:/home/hiroselab/ros2_humble/install/rqt_graph:/home/hiroselab/ros2_humble/install/rqt_gui_py:/home/hiroselab/ros2_humble/install/rqt_gui:/home/hiroselab/ros2_humble/install/ros2trace:/home/hiroselab/ros2_humble/install/ros2topic:/home/hiroselab/ros2_humble/install/ros2test:/home/hiroselab/ros2_humble/install/ros2component:/home/hiroselab/ros2_humble/install/ros2param:/home/hiroselab/ros2_humble/install/ros2lifecycle:/home/hiroselab/ros2_humble/install/ros2service:/home/hiroselab/ros2_humble/install/ros2run:/home/hiroselab/ros2_humble/install/ros2launch:/home/hiroselab/ros2_humble/install/ros2pkg:/home/hiroselab/ros2_humble/install/ros2node:/home/hiroselab/ros2_humble/install/ros2multicast:/home/hiroselab/ros2_humble/install/ros2interface:/home/hiroselab/ros2_humble/install/ros2doctor:/home/hiroselab/ros2_humble/install/ros2action:/home/hiroselab/ros2_humble/install/ros2cli:/home/hiroselab/ros2_humble/install/quality_of_service_demo_py:/home/hiroselab/ros2_humble/install/lifecycle_py:/home/hiroselab/ros2_humble/install/launch_testing_ros:/home/hiroselab/ros2_humble/install/launch_ros:/home/hiroselab/ros2_humble/install/examples_rclpy_pointcloud_publisher:/home/hiroselab/ros2_humble/install/examples_rclpy_minimal_subscriber:/home/hiroselab/ros2_humble/install/examples_rclpy_minimal_service:/home/hiroselab/ros2_humble/install/examples_rclpy_minimal_publisher:/home/hiroselab/ros2_humble/install/examples_rclpy_minimal_client:/home/hiroselab/ros2_humble/install/examples_rclpy_minimal_action_server:/home/hiroselab/ros2_humble/install/examples_rclpy_minimal_action_client:/home/hiroselab/ros2_humble/install/examples_rclpy_guard_conditions:/home/hiroselab/ros2_humble/install/examples_rclpy_executors:/home/hiroselab/ros2_humble/install/demo_nodes_py:/home/hiroselab/ros2_humble/install/action_tutorials_py:/home/hiroselab/ros2_humble/install/ament_uncrustify:/home/hiroselab/ros2_humble/install/tracetools_trace:/home/hiroselab/ros2_humble/install/tracetools_read:/home/hiroselab/ros2_humble/install/test_tracetools_launch:/home/hiroselab/ros2_humble/install/test_launch_ros:/home/hiroselab/ros2_humble/install/sensor_msgs_py:/home/hiroselab/ros2_humble/install/rpyutils:/home/hiroselab/ros2_humble/install/rosidl_runtime_py:/home/hiroselab/ros2_humble/install/rosidl_cli:/home/hiroselab/ros2_humble/install/launch_pytest:/home/hiroselab/ros2_humble/install/launch_testing:/home/hiroselab/ros2_humble/install/launch_yaml:/home/hiroselab/ros2_humble/install/launch_xml:/home/hiroselab/ros2_humble/install/launch:/home/hiroselab/ros2_humble/install/osrf_pycommon:/home/hiroselab/ros2_humble/install/launch_testing_examples:/home/hiroselab/ros2_humble/install/domain_coordinator:/home/hiroselab/ros2_humble/install/ament_xmllint:/home/hiroselab/ros2_humble/install/ament_pyflakes:/home/hiroselab/ros2_humble/install/ament_pycodestyle:/home/hiroselab/ros2_humble/install/ament_pep257:/home/hiroselab/ros2_humble/install/ament_pclint:/home/hiroselab/ros2_humble/install/ament_package:/home/hiroselab/ros2_humble/install/ament_mypy:/home/hiroselab/ros2_humble/install/ament_lint_cmake:/home/hiroselab/ros2_humble/install/ament_flake8:/home/hiroselab/ros2_humble/install/ament_copyright:/home/hiroselab/ros2_humble/install/ament_lint:/home/hiroselab/ros2_humble/install/ament_index_python:/home/hiroselab/ros2_humble/install/ament_cpplint:/home/hiroselab/ros2_humble/install/ament_cppcheck:/home/hiroselab/ros2_humble/install/ament_clang_tidy:/home/hiroselab/ros2_humble/install/ament_clang_format /usr/bin/cmake --install /home/hiroselab/HDT-ros1-bridge/custom_msgs/custom_msgs_ros2/build/autoware_msgs
